<?xml version="1.0" encoding="UTF-8"?>
<coverage generated="1507846123636" clover="3.2.0">
  <project timestamp="1507846123636" name="All files">
    <metrics statements="328" coveredstatements="280" conditionals="125" coveredconditionals="88" methods="135" coveredmethods="121" elements="588" coveredelements="489" complexity="0" loc="328" ncloc="328" packages="4" files="21" classes="21">
      <package name="__test__.lib">
        <metrics statements="48" coveredstatements="40" conditionals="14" coveredconditionals="6" methods="20" coveredmethods="19"/>
        <file name="clean-db.js" path="/Users/kpryzk/codefellows/401/labs/33-photo-uploads/lab-katherine/sluggram-backend/src/__test__/lib/clean-db.js">
          <metrics statements="1" coveredstatements="1" conditionals="0" coveredconditionals="0" methods="1" coveredmethods="1"/>
          <line num="6" count="30" type="stmt"/>
        </file>
        <file name="mock-photo.js" path="/Users/kpryzk/codefellows/401/labs/33-photo-uploads/lab-katherine/sluggram-backend/src/__test__/lib/mock-photo.js">
          <metrics statements="8" coveredstatements="8" conditionals="1" coveredconditionals="1" methods="7" coveredmethods="7"/>
          <line num="6" count="1" type="stmt"/>
          <line num="7" count="256" type="stmt"/>
          <line num="9" count="256" type="stmt"/>
          <line num="16" count="256" type="stmt"/>
          <line num="20" count="1" type="cond" truecount="1" falsecount="0"/>
          <line num="21" count="250" type="stmt"/>
          <line num="23" count="2" type="stmt"/>
          <line num="24" count="250" type="stmt"/>
        </file>
        <file name="mock-profile.js" path="/Users/kpryzk/codefellows/401/labs/33-photo-uploads/lab-katherine/sluggram-backend/src/__test__/lib/mock-profile.js">
          <metrics statements="9" coveredstatements="9" conditionals="1" coveredconditionals="0" methods="7" coveredmethods="7"/>
          <line num="6" count="2" type="stmt"/>
          <line num="7" count="910" type="stmt"/>
          <line num="9" count="910" type="stmt"/>
          <line num="17" count="910" type="stmt"/>
          <line num="18" count="910" type="stmt"/>
          <line num="19" count="910" type="stmt"/>
          <line num="21" count="910" type="stmt"/>
          <line num="25" count="2" type="cond" truecount="0" falsecount="1"/>
          <line num="26" count="645" type="stmt"/>
        </file>
        <file name="mock-s3.js" path="/Users/kpryzk/codefellows/401/labs/33-photo-uploads/lab-katherine/sluggram-backend/src/__test__/lib/mock-s3.js">
          <metrics statements="14" coveredstatements="6" conditionals="12" coveredconditionals="5" methods="2" coveredmethods="1"/>
          <line num="4" count="6" type="stmt"/>
          <line num="5" count="5" type="cond" truecount="1" falsecount="1"/>
          <line num="6" count="0" type="stmt"/>
          <line num="8" count="5" type="cond" truecount="1" falsecount="1"/>
          <line num="9" count="0" type="stmt"/>
          <line num="11" count="5" type="cond" truecount="3" falsecount="1"/>
          <line num="12" count="0" type="stmt"/>
          <line num="14" count="5" type="stmt"/>
          <line num="17" count="6" type="stmt"/>
          <line num="18" count="0" type="cond" truecount="0" falsecount="2"/>
          <line num="19" count="0" type="stmt"/>
          <line num="21" count="0" type="cond" truecount="0" falsecount="2"/>
          <line num="22" count="0" type="stmt"/>
          <line num="24" count="0" type="stmt"/>
        </file>
        <file name="mock-user.js" path="/Users/kpryzk/codefellows/401/labs/33-photo-uploads/lab-katherine/sluggram-backend/src/__test__/lib/mock-user.js">
          <metrics statements="7" coveredstatements="7" conditionals="0" coveredconditionals="0" methods="3" coveredmethods="3"/>
          <line num="6" count="4" type="stmt"/>
          <line num="7" count="917" type="stmt"/>
          <line num="8" count="917" type="stmt"/>
          <line num="15" count="917" type="stmt"/>
          <line num="16" count="917" type="stmt"/>
          <line num="19" count="917" type="stmt"/>
          <line num="20" count="917" type="stmt"/>
        </file>
        <file name="test.env.js" path="/Users/kpryzk/codefellows/401/labs/33-photo-uploads/lab-katherine/sluggram-backend/src/__test__/lib/test.env.js">
          <metrics statements="9" coveredstatements="9" conditionals="0" coveredconditionals="0" methods="0" coveredmethods="0"/>
          <line num="1" count="6" type="stmt"/>
          <line num="2" count="6" type="stmt"/>
          <line num="3" count="6" type="stmt"/>
          <line num="4" count="6" type="stmt"/>
          <line num="5" count="6" type="stmt"/>
          <line num="6" count="6" type="stmt"/>
          <line num="7" count="6" type="stmt"/>
          <line num="8" count="6" type="stmt"/>
          <line num="9" count="6" type="stmt"/>
        </file>
      </package>
      <package name="lib">
        <metrics statements="73" coveredstatements="65" conditionals="28" coveredconditionals="24" methods="39" coveredmethods="34"/>
        <file name="db.js" path="/Users/kpryzk/codefellows/401/labs/33-photo-uploads/lab-katherine/sluggram-backend/src/lib/db.js">
          <metrics statements="15" coveredstatements="13" conditionals="4" coveredconditionals="2" methods="2" coveredmethods="2"/>
          <line num="5" count="5" type="stmt"/>
          <line num="6" count="5" type="stmt"/>
          <line num="9" count="5" type="stmt"/>
          <line num="12" count="5" type="stmt"/>
          <line num="13" count="5" type="stmt"/>
          <line num="14" count="5" type="cond" truecount="1" falsecount="1"/>
          <line num="15" count="0" type="stmt"/>
          <line num="16" count="5" type="stmt"/>
          <line num="17" count="5" type="stmt"/>
          <line num="20" count="5" type="stmt"/>
          <line num="21" count="5" type="stmt"/>
          <line num="22" count="5" type="cond" truecount="1" falsecount="1"/>
          <line num="23" count="0" type="stmt"/>
          <line num="24" count="5" type="stmt"/>
          <line num="25" count="5" type="stmt"/>
        </file>
        <file name="server.js" path="/Users/kpryzk/codefellows/401/labs/33-photo-uploads/lab-katherine/sluggram-backend/src/lib/server.js">
          <metrics statements="21" coveredstatements="19" conditionals="4" coveredconditionals="2" methods="8" coveredmethods="8"/>
          <line num="10" count="3" type="stmt"/>
          <line num="11" count="3" type="stmt"/>
          <line num="17" count="3" type="stmt"/>
          <line num="18" count="3" type="stmt"/>
          <line num="19" count="3" type="cond" truecount="1" falsecount="1"/>
          <line num="20" count="0" type="stmt"/>
          <line num="21" count="3" type="stmt"/>
          <line num="22" count="3" type="stmt"/>
          <line num="24" count="3" type="stmt"/>
          <line num="25" count="3" type="stmt"/>
          <line num="26" count="3" type="stmt"/>
          <line num="33" count="3" type="stmt"/>
          <line num="34" count="3" type="stmt"/>
          <line num="35" count="3" type="cond" truecount="1" falsecount="1"/>
          <line num="36" count="0" type="stmt"/>
          <line num="37" count="3" type="stmt"/>
          <line num="39" count="3" type="stmt"/>
          <line num="40" count="3" type="stmt"/>
          <line num="41" count="3" type="stmt"/>
          <line num="42" count="3" type="stmt"/>
          <line num="43" count="3" type="stmt"/>
        </file>
        <file name="util.js" path="/Users/kpryzk/codefellows/401/labs/33-photo-uploads/lab-katherine/sluggram-backend/src/lib/util.js">
          <metrics statements="37" coveredstatements="33" conditionals="20" coveredconditionals="20" methods="29" coveredmethods="24"/>
          <line num="6" count="6" type="stmt"/>
          <line num="9" count="6" type="stmt"/>
          <line num="10" count="16" type="stmt"/>
          <line num="12" count="6" type="stmt"/>
          <line num="13" count="4" type="stmt"/>
          <line num="15" count="6" type="stmt"/>
          <line num="16" count="4" type="stmt"/>
          <line num="18" count="15" type="stmt"/>
          <line num="19" count="16" type="stmt"/>
          <line num="20" count="16" type="cond" truecount="2" falsecount="0"/>
          <line num="22" count="6" type="stmt"/>
          <line num="23" count="24" type="cond" truecount="2" falsecount="0"/>
          <line num="25" count="6" type="stmt"/>
          <line num="26" count="17" type="cond" truecount="2" falsecount="0"/>
          <line num="28" count="6" type="stmt"/>
          <line num="30" count="6" type="stmt"/>
          <line num="31" count="0" type="stmt"/>
          <line num="33" count="6" type="stmt"/>
          <line num="34" count="0" type="stmt"/>
          <line num="36" count="6" type="stmt"/>
          <line num="37" count="0" type="stmt"/>
          <line num="39" count="6" type="stmt"/>
          <line num="40" count="1" type="stmt"/>
          <line num="42" count="6" type="stmt"/>
          <line num="43" count="6" type="stmt"/>
          <line num="45" count="6" type="stmt"/>
          <line num="46" count="5" type="stmt"/>
          <line num="53" count="0" type="stmt"/>
          <line num="54" count="5" type="stmt"/>
          <line num="57" count="6" type="cond" truecount="2" falsecount="0"/>
          <line num="58" count="7" type="cond" truecount="2" falsecount="0"/>
          <line num="59" count="7" type="stmt"/>
          <line num="60" count="7" type="stmt"/>
          <line num="61" count="7" type="stmt"/>
          <line num="63" count="7" type="stmt"/>
          <line num="64" count="7" type="stmt"/>
          <line num="68" count="7" type="stmt"/>
        </file>
      </package>
      <package name="middleware">
        <metrics statements="93" coveredstatements="73" conditionals="34" coveredconditionals="18" methods="33" coveredmethods="29"/>
        <file name="bind-response-methods.js" path="/Users/kpryzk/codefellows/401/labs/33-photo-uploads/lab-katherine/sluggram-backend/src/middleware/bind-response-methods.js">
          <metrics statements="9" coveredstatements="9" conditionals="0" coveredconditionals="0" methods="2" coveredmethods="2"/>
          <line num="2" count="35" type="stmt"/>
          <line num="3" count="35" type="stmt"/>
          <line num="4" count="35" type="stmt"/>
          <line num="5" count="35" type="stmt"/>
          <line num="6" count="35" type="stmt"/>
          <line num="7" count="35" type="stmt"/>
          <line num="8" count="7" type="stmt"/>
          <line num="13" count="7" type="stmt"/>
          <line num="15" count="35" type="stmt"/>
        </file>
        <file name="error-handler.js" path="/Users/kpryzk/codefellows/401/labs/33-photo-uploads/lab-katherine/sluggram-backend/src/middleware/error-handler.js">
          <metrics statements="14" coveredstatements="7" conditionals="10" coveredconditionals="3" methods="1" coveredmethods="1"/>
          <line num="5" count="15" type="stmt"/>
          <line num="6" count="15" type="stmt"/>
          <line num="7" count="15" type="cond" truecount="2" falsecount="0"/>
          <line num="8" count="14" type="stmt"/>
          <line num="10" count="1" type="stmt"/>
          <line num="12" count="1" type="cond" truecount="1" falsecount="1"/>
          <line num="13" count="1" type="stmt"/>
          <line num="16" count="0" type="cond" truecount="0" falsecount="2"/>
          <line num="17" count="0" type="stmt"/>
          <line num="19" count="0" type="cond" truecount="0" falsecount="2"/>
          <line num="20" count="0" type="stmt"/>
          <line num="22" count="0" type="cond" truecount="0" falsecount="2"/>
          <line num="23" count="0" type="stmt"/>
          <line num="25" count="0" type="stmt"/>
        </file>
        <file name="four-oh-four.js" path="/Users/kpryzk/codefellows/401/labs/33-photo-uploads/lab-katherine/sluggram-backend/src/middleware/four-oh-four.js">
          <metrics statements="1" coveredstatements="0" conditionals="0" coveredconditionals="0" methods="1" coveredmethods="0"/>
          <line num="6" count="0" type="stmt"/>
        </file>
        <file name="index.js" path="/Users/kpryzk/codefellows/401/labs/33-photo-uploads/lab-katherine/sluggram-backend/src/middleware/index.js">
          <metrics statements="0" coveredstatements="0" conditionals="0" coveredconditionals="0" methods="0" coveredmethods="0"/>
        </file>
        <file name="parser-auth.js" path="/Users/kpryzk/codefellows/401/labs/33-photo-uploads/lab-katherine/sluggram-backend/src/middleware/parser-auth.js">
          <metrics statements="30" coveredstatements="25" conditionals="16" coveredconditionals="11" methods="6" coveredmethods="6"/>
          <line num="6" count="3" type="stmt"/>
          <line num="7" count="5" type="stmt"/>
          <line num="8" count="5" type="cond" truecount="2" falsecount="0"/>
          <line num="9" count="2" type="stmt"/>
          <line num="11" count="3" type="stmt"/>
          <line num="12" count="3" type="cond" truecount="1" falsecount="1"/>
          <line num="13" count="0" type="stmt"/>
          <line num="15" count="3" type="stmt"/>
          <line num="16" count="3" type="stmt"/>
          <line num="17" count="3" type="cond" truecount="3" falsecount="1"/>
          <line num="18" count="0" type="stmt"/>
          <line num="20" count="3" type="stmt"/>
          <line num="22" count="3" type="cond" truecount="2" falsecount="0"/>
          <line num="23" count="1" type="stmt"/>
          <line num="24" count="2" type="stmt"/>
          <line num="27" count="1" type="stmt"/>
          <line num="28" count="1" type="stmt"/>
          <line num="33" count="3" type="stmt"/>
          <line num="34" count="14" type="stmt"/>
          <line num="35" count="14" type="cond" truecount="1" falsecount="1"/>
          <line num="36" count="0" type="stmt"/>
          <line num="38" count="14" type="stmt"/>
          <line num="39" count="14" type="cond" truecount="1" falsecount="1"/>
          <line num="40" count="0" type="stmt"/>
          <line num="42" count="14" type="stmt"/>
          <line num="43" count="14" type="stmt"/>
          <line num="45" count="14" type="cond" truecount="1" falsecount="1"/>
          <line num="46" count="0" type="stmt"/>
          <line num="47" count="14" type="stmt"/>
          <line num="48" count="14" type="stmt"/>
        </file>
        <file name="parser-body.js" path="/Users/kpryzk/codefellows/401/labs/33-photo-uploads/lab-katherine/sluggram-backend/src/middleware/parser-body.js">
          <metrics statements="7" coveredstatements="6" conditionals="4" coveredconditionals="3" methods="1" coveredmethods="1"/>
          <line num="6" count="3" type="stmt"/>
          <line num="10" count="14" type="stmt"/>
          <line num="12" count="14" type="cond" truecount="2" falsecount="0"/>
          <line num="13" count="7" type="stmt"/>
          <line num="15" count="7" type="cond" truecount="1" falsecount="1"/>
          <line num="16" count="7" type="stmt"/>
          <line num="18" count="0" type="stmt"/>
        </file>
        <file name="router-auth.js" path="/Users/kpryzk/codefellows/401/labs/33-photo-uploads/lab-katherine/sluggram-backend/src/middleware/router-auth.js">
          <metrics statements="15" coveredstatements="11" conditionals="2" coveredconditionals="0" methods="7" coveredmethods="5"/>
          <line num="11" count="5" type="stmt"/>
          <line num="13" count="5" type="stmt"/>
          <line num="14" count="1" type="stmt"/>
          <line num="16" count="1" type="stmt"/>
          <line num="17" count="1" type="stmt"/>
          <line num="19" count="1" type="stmt"/>
          <line num="24" count="0" type="stmt"/>
          <line num="26" count="0" type="cond" truecount="0" falsecount="2"/>
          <line num="27" count="0" type="stmt"/>
          <line num="28" count="0" type="stmt"/>
          <line num="33" count="1" type="stmt"/>
          <line num="34" count="1" type="stmt"/>
          <line num="36" count="1" type="stmt"/>
          <line num="37" count="1" type="stmt"/>
          <line num="38" count="1" type="stmt"/>
        </file>
        <file name="router-photo.js" path="/Users/kpryzk/codefellows/401/labs/33-photo-uploads/lab-katherine/sluggram-backend/src/middleware/router-photo.js">
          <metrics statements="7" coveredstatements="6" conditionals="0" coveredconditionals="0" methods="7" coveredmethods="6"/>
          <line num="8" count="3" type="stmt"/>
          <line num="13" count="2" type="stmt"/>
          <line num="18" count="0" type="stmt"/>
          <line num="23" count="2" type="stmt"/>
          <line num="28" count="2" type="stmt"/>
          <line num="33" count="2" type="stmt"/>
          <line num="34" count="1" type="stmt"/>
        </file>
        <file name="router-profile.js" path="/Users/kpryzk/codefellows/401/labs/33-photo-uploads/lab-katherine/sluggram-backend/src/middleware/router-profile.js">
          <metrics statements="10" coveredstatements="9" conditionals="2" coveredconditionals="1" methods="8" coveredmethods="8"/>
          <line num="9" count="2" type="stmt"/>
          <line num="14" count="5" type="stmt"/>
          <line num="19" count="1" type="stmt"/>
          <line num="21" count="1" type="cond" truecount="1" falsecount="1"/>
          <line num="22" count="0" type="stmt"/>
          <line num="23" count="1" type="stmt"/>
          <line num="28" count="2" type="stmt"/>
          <line num="33" count="2" type="stmt"/>
          <line num="38" count="2" type="stmt"/>
          <line num="39" count="1" type="stmt"/>
        </file>
      </package>
      <package name="model">
        <metrics statements="114" coveredstatements="102" conditionals="49" coveredconditionals="40" methods="43" coveredmethods="39"/>
        <file name="photo.js" path="/Users/kpryzk/codefellows/401/labs/33-photo-uploads/lab-katherine/sluggram-backend/src/model/photo.js">
          <metrics statements="47" coveredstatements="39" conditionals="24" coveredconditionals="19" methods="17" coveredmethods="15"/>
          <line num="6" count="3" type="stmt"/>
          <line num="14" count="3" type="stmt"/>
          <line num="16" count="3" type="stmt"/>
          <line num="17" count="5" type="cond" truecount="3" falsecount="1"/>
          <line num="18" count="0" type="stmt"/>
          <line num="20" count="5" type="cond" truecount="4" falsecount="0"/>
          <line num="21" count="1" type="stmt"/>
          <line num="23" count="4" type="cond" truecount="2" falsecount="0"/>
          <line num="24" count="1" type="stmt"/>
          <line num="25" count="1" type="stmt"/>
          <line num="26" count="1" type="stmt"/>
          <line num="29" count="3" type="stmt"/>
          <line num="30" count="3" type="cond" truecount="1" falsecount="1"/>
          <line num="31" count="3" type="cond" truecount="1" falsecount="1"/>
          <line num="32" count="0" type="stmt"/>
          <line num="33" count="0" type="stmt"/>
          <line num="34" count="0" type="stmt"/>
          <line num="38" count="3" type="stmt"/>
          <line num="41" count="3" type="stmt"/>
          <line num="42" count="3" type="stmt"/>
          <line num="44" count="2" type="stmt"/>
          <line num="46" count="2" type="stmt"/>
          <line num="55" count="1" type="stmt"/>
          <line num="60" count="3" type="stmt"/>
          <line num="62" count="3" type="stmt"/>
          <line num="63" count="2" type="stmt"/>
          <line num="66" count="2" type="cond" truecount="2" falsecount="0"/>
          <line num="67" count="1" type="stmt"/>
          <line num="68" count="1" type="stmt"/>
          <line num="72" count="3" type="stmt"/>
          <line num="73" count="2" type="stmt"/>
          <line num="75" count="1" type="stmt"/>
          <line num="77" count="1" type="stmt"/>
          <line num="78" count="1" type="cond" truecount="1" falsecount="1"/>
          <line num="79" count="1" type="stmt"/>
          <line num="84" count="3" type="stmt"/>
          <line num="85" count="2" type="cond" truecount="3" falsecount="1"/>
          <line num="86" count="2" type="stmt"/>
          <line num="88" count="1" type="stmt"/>
          <line num="91" count="0" type="stmt"/>
          <line num="92" count="0" type="stmt"/>
          <line num="93" count="0" type="stmt"/>
          <line num="95" count="0" type="stmt"/>
          <line num="100" count="3" type="stmt"/>
          <line num="101" count="2" type="stmt"/>
          <line num="103" count="2" type="cond" truecount="2" falsecount="0"/>
          <line num="104" count="1" type="stmt"/>
        </file>
        <file name="profile.js" path="/Users/kpryzk/codefellows/401/labs/33-photo-uploads/lab-katherine/sluggram-backend/src/model/profile.js">
          <metrics statements="47" coveredstatements="43" conditionals="18" coveredconditionals="14" methods="19" coveredmethods="17"/>
          <line num="5" count="3" type="stmt"/>
          <line num="13" count="3" type="stmt"/>
          <line num="15" count="3" type="stmt"/>
          <line num="16" count="2" type="cond" truecount="1" falsecount="1"/>
          <line num="17" count="0" type="stmt"/>
          <line num="19" count="0" type="stmt"/>
          <line num="23" count="2" type="stmt"/>
          <line num="24" count="2" type="cond" truecount="1" falsecount="1"/>
          <line num="25" count="2" type="cond" truecount="1" falsecount="1"/>
          <line num="26" count="0" type="stmt"/>
          <line num="28" count="0" type="stmt"/>
          <line num="31" count="2" type="stmt"/>
          <line num="34" count="3" type="stmt"/>
          <line num="35" count="1" type="stmt"/>
          <line num="37" count="1" type="stmt"/>
          <line num="39" count="1" type="stmt"/>
          <line num="50" count="3" type="stmt"/>
          <line num="51" count="2" type="cond" truecount="2" falsecount="0"/>
          <line num="52" count="1" type="stmt"/>
          <line num="54" count="1" type="stmt"/>
          <line num="55" count="1" type="stmt"/>
          <line num="56" count="1" type="stmt"/>
          <line num="60" count="1" type="stmt"/>
          <line num="68" count="1" type="stmt"/>
          <line num="69" count="1" type="stmt"/>
          <line num="70" count="1" type="stmt"/>
          <line num="74" count="3" type="stmt"/>
          <line num="76" count="3" type="stmt"/>
          <line num="77" count="2" type="stmt"/>
          <line num="79" count="2" type="cond" truecount="2" falsecount="0"/>
          <line num="80" count="1" type="stmt"/>
          <line num="81" count="1" type="stmt"/>
          <line num="85" count="3" type="stmt"/>
          <line num="86" count="1" type="stmt"/>
          <line num="88" count="1" type="stmt"/>
          <line num="90" count="1" type="stmt"/>
          <line num="91" count="1" type="cond" truecount="1" falsecount="1"/>
          <line num="92" count="1" type="stmt"/>
          <line num="97" count="3" type="stmt"/>
          <line num="98" count="2" type="cond" truecount="4" falsecount="0"/>
          <line num="99" count="1" type="stmt"/>
          <line num="100" count="1" type="stmt"/>
          <line num="101" count="1" type="stmt"/>
          <line num="104" count="3" type="stmt"/>
          <line num="105" count="2" type="stmt"/>
          <line num="107" count="2" type="cond" truecount="2" falsecount="0"/>
          <line num="108" count="1" type="stmt"/>
        </file>
        <file name="user.js" path="/Users/kpryzk/codefellows/401/labs/33-photo-uploads/lab-katherine/sluggram-backend/src/model/user.js">
          <metrics statements="20" coveredstatements="20" conditionals="7" coveredconditionals="7" methods="7" coveredmethods="7"/>
          <line num="12" count="4" type="stmt"/>
          <line num="21" count="4" type="stmt"/>
          <line num="22" count="3" type="stmt"/>
          <line num="24" count="3" type="cond" truecount="2" falsecount="0"/>
          <line num="25" count="1" type="stmt"/>
          <line num="26" count="2" type="stmt"/>
          <line num="30" count="4" type="stmt"/>
          <line num="31" count="920" type="stmt"/>
          <line num="32" count="920" type="stmt"/>
          <line num="34" count="920" type="stmt"/>
          <line num="37" count="920" type="stmt"/>
          <line num="42" count="4" type="stmt"/>
          <line num="45" count="4" type="stmt"/>
          <line num="46" count="926" type="cond" truecount="5" falsecount="0"/>
          <line num="47" count="7" type="stmt"/>
          <line num="50" count="919" type="stmt"/>
          <line num="51" count="919" type="stmt"/>
          <line num="53" count="919" type="stmt"/>
          <line num="55" count="919" type="stmt"/>
          <line num="56" count="919" type="stmt"/>
        </file>
      </package>
    </metrics>
  </project>
</coverage>
