{"/Users/kpryzk/codefellows/401/labs/33-photo-uploads/lab-katherine/sluggram-backend/src/__test__/lib/clean-db.js": {"path":"/Users/kpryzk/codefellows/401/labs/33-photo-uploads/lab-katherine/sluggram-backend/src/__test__/lib/clean-db.js","statementMap":{"0":{"start":{"line":6,"column":21},"end":{"line":11,"column":4}}},"fnMap":{"0":{"name":"(anonymous_0)","decl":{"start":{"line":6,"column":15},"end":{"line":6,"column":16}},"loc":{"start":{"line":6,"column":21},"end":{"line":11,"column":4}},"line":6}},"branchMap":{},"s":{"0":30},"f":{"0":30},"b":{},"_coverageSchema":"332fd63041d2c1bcb487cc26dd0d5f7d97098a6c","hash":"898293764c07aba06c2e625cdd2e1896f992f190"}
,"/Users/kpryzk/codefellows/401/labs/33-photo-uploads/lab-katherine/sluggram-backend/src/__test__/lib/mock-photo.js": {"path":"/Users/kpryzk/codefellows/401/labs/33-photo-uploads/lab-katherine/sluggram-backend/src/__test__/lib/mock-photo.js","statementMap":{"0":{"start":{"line":6,"column":25},"end":{"line":18,"column":1}},"1":{"start":{"line":7,"column":2},"end":{"line":17,"column":4}},"2":{"start":{"line":9,"column":4},"end":{"line":16,"column":48}},"3":{"start":{"line":16,"column":20},"end":{"line":16,"column":46}},"4":{"start":{"line":20,"column":30},"end":{"line":27,"column":1}},"5":{"start":{"line":21,"column":2},"end":{"line":26,"column":4}},"6":{"start":{"line":21,"column":33},"end":{"line":21,"column":44}},"7":{"start":{"line":23,"column":4},"end":{"line":25,"column":22}},"8":{"start":{"line":24,"column":6},"end":{"line":24,"column":48}}},"fnMap":{"0":{"name":"(anonymous_0)","decl":{"start":{"line":6,"column":25},"end":{"line":6,"column":26}},"loc":{"start":{"line":6,"column":31},"end":{"line":18,"column":1}},"line":6},"1":{"name":"(anonymous_1)","decl":{"start":{"line":8,"column":8},"end":{"line":8,"column":9}},"loc":{"start":{"line":8,"column":33},"end":{"line":17,"column":3}},"line":8},"2":{"name":"(anonymous_2)","decl":{"start":{"line":16,"column":10},"end":{"line":16,"column":11}},"loc":{"start":{"line":16,"column":20},"end":{"line":16,"column":46}},"line":16},"3":{"name":"(anonymous_3)","decl":{"start":{"line":20,"column":30},"end":{"line":20,"column":31}},"loc":{"start":{"line":20,"column":45},"end":{"line":27,"column":1}},"line":20},"4":{"name":"(anonymous_4)","decl":{"start":{"line":21,"column":27},"end":{"line":21,"column":28}},"loc":{"start":{"line":21,"column":33},"end":{"line":21,"column":44}},"line":21},"5":{"name":"(anonymous_5)","decl":{"start":{"line":22,"column":8},"end":{"line":22,"column":9}},"loc":{"start":{"line":22,"column":22},"end":{"line":26,"column":3}},"line":22},"6":{"name":"(anonymous_6)","decl":{"start":{"line":23,"column":20},"end":{"line":23,"column":21}},"loc":{"start":{"line":23,"column":38},"end":{"line":25,"column":5}},"line":23}},"branchMap":{"0":{"loc":{"start":{"line":20,"column":31},"end":{"line":20,"column":40}},"type":"default-arg","locations":[{"start":{"line":20,"column":37},"end":{"line":20,"column":40}}],"line":20}},"s":{"0":1,"1":256,"2":256,"3":256,"4":1,"5":2,"6":250,"7":2,"8":250},"f":{"0":256,"1":256,"2":256,"3":2,"4":250,"5":2,"6":250},"b":{"0":[1]},"_coverageSchema":"332fd63041d2c1bcb487cc26dd0d5f7d97098a6c","hash":"a29f1c8fdae55de199582c1065dbb1deaca2ad50"}
,"/Users/kpryzk/codefellows/401/labs/33-photo-uploads/lab-katherine/sluggram-backend/src/__test__/lib/mock-profile.js": {"path":"/Users/kpryzk/codefellows/401/labs/33-photo-uploads/lab-katherine/sluggram-backend/src/__test__/lib/mock-profile.js","statementMap":{"0":{"start":{"line":6,"column":27},"end":{"line":23,"column":1}},"1":{"start":{"line":7,"column":2},"end":{"line":22,"column":4}},"2":{"start":{"line":9,"column":4},"end":{"line":21,"column":43}},"3":{"start":{"line":17,"column":6},"end":{"line":17,"column":41}},"4":{"start":{"line":18,"column":6},"end":{"line":19,"column":26}},"5":{"start":{"line":19,"column":18},"end":{"line":19,"column":25}},"6":{"start":{"line":21,"column":22},"end":{"line":21,"column":41}},"7":{"start":{"line":25,"column":32},"end":{"line":27,"column":1}},"8":{"start":{"line":26,"column":2},"end":{"line":26,"column":60}},"9":{"start":{"line":26,"column":33},"end":{"line":26,"column":46}}},"fnMap":{"0":{"name":"(anonymous_0)","decl":{"start":{"line":6,"column":27},"end":{"line":6,"column":28}},"loc":{"start":{"line":6,"column":33},"end":{"line":23,"column":1}},"line":6},"1":{"name":"(anonymous_1)","decl":{"start":{"line":8,"column":8},"end":{"line":8,"column":9}},"loc":{"start":{"line":8,"column":22},"end":{"line":22,"column":3}},"line":8},"2":{"name":"(anonymous_2)","decl":{"start":{"line":16,"column":10},"end":{"line":16,"column":11}},"loc":{"start":{"line":16,"column":21},"end":{"line":20,"column":5}},"line":16},"3":{"name":"(anonymous_3)","decl":{"start":{"line":19,"column":12},"end":{"line":19,"column":13}},"loc":{"start":{"line":19,"column":18},"end":{"line":19,"column":25}},"line":19},"4":{"name":"(anonymous_4)","decl":{"start":{"line":21,"column":10},"end":{"line":21,"column":11}},"loc":{"start":{"line":21,"column":22},"end":{"line":21,"column":41}},"line":21},"5":{"name":"(anonymous_5)","decl":{"start":{"line":25,"column":32},"end":{"line":25,"column":33}},"loc":{"start":{"line":25,"column":45},"end":{"line":27,"column":1}},"line":25},"6":{"name":"(anonymous_6)","decl":{"start":{"line":26,"column":27},"end":{"line":26,"column":28}},"loc":{"start":{"line":26,"column":33},"end":{"line":26,"column":46}},"line":26}},"branchMap":{"0":{"loc":{"start":{"line":25,"column":33},"end":{"line":25,"column":40}},"type":"default-arg","locations":[{"start":{"line":25,"column":37},"end":{"line":25,"column":40}}],"line":25}},"s":{"0":2,"1":910,"2":910,"3":910,"4":910,"5":910,"6":910,"7":2,"8":5,"9":645},"f":{"0":910,"1":910,"2":910,"3":910,"4":910,"5":5,"6":645},"b":{"0":[0]},"_coverageSchema":"332fd63041d2c1bcb487cc26dd0d5f7d97098a6c","hash":"8ca56dbf048fd07d0f6a61fe7bd680a6b3960d69"}
,"/Users/kpryzk/codefellows/401/labs/33-photo-uploads/lab-katherine/sluggram-backend/src/__test__/lib/mock-s3.js": {"path":"/Users/kpryzk/codefellows/401/labs/33-photo-uploads/lab-katherine/sluggram-backend/src/__test__/lib/mock-s3.js","statementMap":{"0":{"start":{"line":4,"column":0},"end":{"line":15,"column":2}},"1":{"start":{"line":5,"column":2},"end":{"line":6,"column":69}},"2":{"start":{"line":6,"column":4},"end":{"line":6,"column":69}},"3":{"start":{"line":8,"column":2},"end":{"line":9,"column":69}},"4":{"start":{"line":9,"column":4},"end":{"line":9,"column":69}},"5":{"start":{"line":11,"column":2},"end":{"line":12,"column":67}},"6":{"start":{"line":12,"column":4},"end":{"line":12,"column":67}},"7":{"start":{"line":14,"column":2},"end":{"line":14,"column":53}},"8":{"start":{"line":17,"column":0},"end":{"line":25,"column":2}},"9":{"start":{"line":18,"column":2},"end":{"line":19,"column":69}},"10":{"start":{"line":19,"column":4},"end":{"line":19,"column":69}},"11":{"start":{"line":21,"column":2},"end":{"line":22,"column":58}},"12":{"start":{"line":22,"column":4},"end":{"line":22,"column":58}},"13":{"start":{"line":24,"column":2},"end":{"line":24,"column":21}}},"fnMap":{"0":{"name":"(anonymous_0)","decl":{"start":{"line":4,"column":25},"end":{"line":4,"column":26}},"loc":{"start":{"line":4,"column":41},"end":{"line":15,"column":1}},"line":4},"1":{"name":"(anonymous_1)","decl":{"start":{"line":17,"column":31},"end":{"line":17,"column":32}},"loc":{"start":{"line":17,"column":47},"end":{"line":25,"column":1}},"line":17}},"branchMap":{"0":{"loc":{"start":{"line":5,"column":2},"end":{"line":6,"column":69}},"type":"if","locations":[{"start":{"line":5,"column":2},"end":{"line":6,"column":69}},{"start":{"line":5,"column":2},"end":{"line":6,"column":69}}],"line":5},"1":{"loc":{"start":{"line":8,"column":2},"end":{"line":9,"column":69}},"type":"if","locations":[{"start":{"line":8,"column":2},"end":{"line":9,"column":69}},{"start":{"line":8,"column":2},"end":{"line":9,"column":69}}],"line":8},"2":{"loc":{"start":{"line":11,"column":2},"end":{"line":12,"column":67}},"type":"if","locations":[{"start":{"line":11,"column":2},"end":{"line":12,"column":67}},{"start":{"line":11,"column":2},"end":{"line":12,"column":67}}],"line":11},"3":{"loc":{"start":{"line":11,"column":5},"end":{"line":11,"column":32}},"type":"binary-expr","locations":[{"start":{"line":11,"column":5},"end":{"line":11,"column":16}},{"start":{"line":11,"column":20},"end":{"line":11,"column":32}}],"line":11},"4":{"loc":{"start":{"line":18,"column":2},"end":{"line":19,"column":69}},"type":"if","locations":[{"start":{"line":18,"column":2},"end":{"line":19,"column":69}},{"start":{"line":18,"column":2},"end":{"line":19,"column":69}}],"line":18},"5":{"loc":{"start":{"line":21,"column":2},"end":{"line":22,"column":58}},"type":"if","locations":[{"start":{"line":21,"column":2},"end":{"line":22,"column":58}},{"start":{"line":21,"column":2},"end":{"line":22,"column":58}}],"line":21}},"s":{"0":6,"1":5,"2":0,"3":5,"4":0,"5":5,"6":0,"7":5,"8":6,"9":0,"10":0,"11":0,"12":0,"13":0},"f":{"0":5,"1":0},"b":{"0":[0,5],"1":[0,5],"2":[0,5],"3":[5,5],"4":[0,0],"5":[0,0]},"_coverageSchema":"332fd63041d2c1bcb487cc26dd0d5f7d97098a6c","hash":"3fa6ff7164c0f106b60951ec48a6c2f86d9a03da"}
,"/Users/kpryzk/codefellows/401/labs/33-photo-uploads/lab-katherine/sluggram-backend/src/__test__/lib/mock-user.js": {"path":"/Users/kpryzk/codefellows/401/labs/33-photo-uploads/lab-katherine/sluggram-backend/src/__test__/lib/mock-user.js","statementMap":{"0":{"start":{"line":6,"column":24},"end":{"line":22,"column":1}},"1":{"start":{"line":7,"column":15},"end":{"line":7,"column":54}},"2":{"start":{"line":8,"column":2},"end":{"line":21,"column":4}},"3":{"start":{"line":15,"column":4},"end":{"line":15,"column":22}},"4":{"start":{"line":16,"column":4},"end":{"line":16,"column":29}},"5":{"start":{"line":19,"column":4},"end":{"line":19,"column":24}},"6":{"start":{"line":20,"column":4},"end":{"line":20,"column":17}}},"fnMap":{"0":{"name":"(anonymous_0)","decl":{"start":{"line":6,"column":24},"end":{"line":6,"column":25}},"loc":{"start":{"line":6,"column":30},"end":{"line":22,"column":1}},"line":6},"1":{"name":"(anonymous_1)","decl":{"start":{"line":14,"column":8},"end":{"line":14,"column":9}},"loc":{"start":{"line":14,"column":16},"end":{"line":17,"column":3}},"line":14},"2":{"name":"(anonymous_2)","decl":{"start":{"line":18,"column":8},"end":{"line":18,"column":9}},"loc":{"start":{"line":18,"column":17},"end":{"line":21,"column":3}},"line":18}},"branchMap":{},"s":{"0":4,"1":917,"2":917,"3":917,"4":917,"5":917,"6":917},"f":{"0":917,"1":917,"2":917},"b":{},"_coverageSchema":"332fd63041d2c1bcb487cc26dd0d5f7d97098a6c","hash":"801708eaf894386f5679d92d90a8a293c147cf24"}
,"/Users/kpryzk/codefellows/401/labs/33-photo-uploads/lab-katherine/sluggram-backend/src/__test__/lib/test.env.js": {"path":"/Users/kpryzk/codefellows/401/labs/33-photo-uploads/lab-katherine/sluggram-backend/src/__test__/lib/test.env.js","statementMap":{"0":{"start":{"line":1,"column":0},"end":{"line":1,"column":23}},"1":{"start":{"line":2,"column":0},"end":{"line":2,"column":53}},"2":{"start":{"line":3,"column":0},"end":{"line":3,"column":65}},"3":{"start":{"line":4,"column":0},"end":{"line":4,"column":33}},"4":{"start":{"line":5,"column":0},"end":{"line":5,"column":24}},"5":{"start":{"line":6,"column":0},"end":{"line":6,"column":60}},"6":{"start":{"line":7,"column":0},"end":{"line":7,"column":39}},"7":{"start":{"line":8,"column":0},"end":{"line":8,"column":47}},"8":{"start":{"line":9,"column":0},"end":{"line":9,"column":36}}},"fnMap":{},"branchMap":{},"s":{"0":6,"1":6,"2":6,"3":6,"4":6,"5":6,"6":6,"7":6,"8":6},"f":{},"b":{},"_coverageSchema":"332fd63041d2c1bcb487cc26dd0d5f7d97098a6c","hash":"f71b2f64366e738a7c708fa65544f52e8e2a47c6"}
,"/Users/kpryzk/codefellows/401/labs/33-photo-uploads/lab-katherine/sluggram-backend/src/lib/db.js": {"path":"/Users/kpryzk/codefellows/401/labs/33-photo-uploads/lab-katherine/sluggram-backend/src/lib/db.js","statementMap":{"0":{"start":{"line":5,"column":17},"end":{"line":5,"column":36}},"1":{"start":{"line":6,"column":0},"end":{"line":6,"column":27}},"2":{"start":{"line":9,"column":14},"end":{"line":9,"column":29}},"3":{"start":{"line":12,"column":21},"end":{"line":18,"column":1}},"4":{"start":{"line":13,"column":2},"end":{"line":13,"column":42}},"5":{"start":{"line":14,"column":2},"end":{"line":15,"column":68}},"6":{"start":{"line":15,"column":4},"end":{"line":15,"column":68}},"7":{"start":{"line":16,"column":2},"end":{"line":16,"column":20}},"8":{"start":{"line":17,"column":2},"end":{"line":17,"column":73}},"9":{"start":{"line":20,"column":20},"end":{"line":26,"column":1}},"10":{"start":{"line":21,"column":2},"end":{"line":21,"column":21}},"11":{"start":{"line":22,"column":2},"end":{"line":23,"column":71}},"12":{"start":{"line":23,"column":4},"end":{"line":23,"column":71}},"13":{"start":{"line":24,"column":2},"end":{"line":24,"column":21}},"14":{"start":{"line":25,"column":2},"end":{"line":25,"column":31}}},"fnMap":{"0":{"name":"(anonymous_0)","decl":{"start":{"line":12,"column":21},"end":{"line":12,"column":22}},"loc":{"start":{"line":12,"column":27},"end":{"line":18,"column":1}},"line":12},"1":{"name":"(anonymous_1)","decl":{"start":{"line":20,"column":20},"end":{"line":20,"column":21}},"loc":{"start":{"line":20,"column":26},"end":{"line":26,"column":1}},"line":20}},"branchMap":{"0":{"loc":{"start":{"line":14,"column":2},"end":{"line":15,"column":68}},"type":"if","locations":[{"start":{"line":14,"column":2},"end":{"line":15,"column":68}},{"start":{"line":14,"column":2},"end":{"line":15,"column":68}}],"line":14},"1":{"loc":{"start":{"line":22,"column":2},"end":{"line":23,"column":71}},"type":"if","locations":[{"start":{"line":22,"column":2},"end":{"line":23,"column":71}},{"start":{"line":22,"column":2},"end":{"line":23,"column":71}}],"line":22}},"s":{"0":5,"1":5,"2":5,"3":5,"4":5,"5":5,"6":0,"7":5,"8":5,"9":5,"10":5,"11":5,"12":0,"13":5,"14":5},"f":{"0":5,"1":5},"b":{"0":[0,5],"1":[0,5]},"_coverageSchema":"332fd63041d2c1bcb487cc26dd0d5f7d97098a6c","hash":"7223258b367c1f6d10c494ba4dee987417d10f5a"}
,"/Users/kpryzk/codefellows/401/labs/33-photo-uploads/lab-katherine/sluggram-backend/src/lib/server.js": {"path":"/Users/kpryzk/codefellows/401/labs/33-photo-uploads/lab-katherine/sluggram-backend/src/lib/server.js","statementMap":{"0":{"start":{"line":10,"column":12},"end":{"line":10,"column":37}},"1":{"start":{"line":11,"column":14},"end":{"line":14,"column":1}},"2":{"start":{"line":17,"column":21},"end":{"line":31,"column":1}},"3":{"start":{"line":18,"column":2},"end":{"line":30,"column":5}},"4":{"start":{"line":19,"column":4},"end":{"line":20,"column":63}},"5":{"start":{"line":20,"column":6},"end":{"line":20,"column":63}},"6":{"start":{"line":21,"column":4},"end":{"line":21,"column":22}},"7":{"start":{"line":22,"column":4},"end":{"line":29,"column":21}},"8":{"start":{"line":24,"column":8},"end":{"line":27,"column":11}},"9":{"start":{"line":25,"column":10},"end":{"line":25,"column":49}},"10":{"start":{"line":26,"column":10},"end":{"line":26,"column":20}},"11":{"start":{"line":33,"column":20},"end":{"line":48,"column":1}},"12":{"start":{"line":34,"column":2},"end":{"line":47,"column":5}},"13":{"start":{"line":35,"column":4},"end":{"line":36,"column":64}},"14":{"start":{"line":36,"column":6},"end":{"line":36,"column":64}},"15":{"start":{"line":37,"column":4},"end":{"line":46,"column":21}},"16":{"start":{"line":39,"column":8},"end":{"line":44,"column":11}},"17":{"start":{"line":40,"column":10},"end":{"line":40,"column":33}},"18":{"start":{"line":41,"column":10},"end":{"line":41,"column":29}},"19":{"start":{"line":42,"column":10},"end":{"line":42,"column":28}},"20":{"start":{"line":43,"column":10},"end":{"line":43,"column":20}}},"fnMap":{"0":{"name":"(anonymous_0)","decl":{"start":{"line":17,"column":21},"end":{"line":17,"column":22}},"loc":{"start":{"line":17,"column":27},"end":{"line":31,"column":1}},"line":17},"1":{"name":"(anonymous_1)","decl":{"start":{"line":18,"column":21},"end":{"line":18,"column":22}},"loc":{"start":{"line":18,"column":42},"end":{"line":30,"column":3}},"line":18},"2":{"name":"(anonymous_2)","decl":{"start":{"line":23,"column":12},"end":{"line":23,"column":13}},"loc":{"start":{"line":23,"column":18},"end":{"line":28,"column":7}},"line":23},"3":{"name":"(anonymous_3)","decl":{"start":{"line":24,"column":50},"end":{"line":24,"column":51}},"loc":{"start":{"line":24,"column":56},"end":{"line":27,"column":9}},"line":24},"4":{"name":"(anonymous_4)","decl":{"start":{"line":33,"column":20},"end":{"line":33,"column":21}},"loc":{"start":{"line":33,"column":26},"end":{"line":48,"column":1}},"line":33},"5":{"name":"(anonymous_5)","decl":{"start":{"line":34,"column":21},"end":{"line":34,"column":22}},"loc":{"start":{"line":34,"column":42},"end":{"line":47,"column":3}},"line":34},"6":{"name":"(anonymous_6)","decl":{"start":{"line":38,"column":12},"end":{"line":38,"column":13}},"loc":{"start":{"line":38,"column":18},"end":{"line":45,"column":7}},"line":38},"7":{"name":"(anonymous_7)","decl":{"start":{"line":39,"column":25},"end":{"line":39,"column":26}},"loc":{"start":{"line":39,"column":31},"end":{"line":44,"column":9}},"line":39}},"branchMap":{"0":{"loc":{"start":{"line":19,"column":4},"end":{"line":20,"column":63}},"type":"if","locations":[{"start":{"line":19,"column":4},"end":{"line":20,"column":63}},{"start":{"line":19,"column":4},"end":{"line":20,"column":63}}],"line":19},"1":{"loc":{"start":{"line":35,"column":4},"end":{"line":36,"column":64}},"type":"if","locations":[{"start":{"line":35,"column":4},"end":{"line":36,"column":64}},{"start":{"line":35,"column":4},"end":{"line":36,"column":64}}],"line":35}},"s":{"0":3,"1":3,"2":3,"3":3,"4":3,"5":0,"6":3,"7":3,"8":3,"9":3,"10":3,"11":3,"12":3,"13":3,"14":0,"15":3,"16":3,"17":3,"18":3,"19":3,"20":3},"f":{"0":3,"1":3,"2":3,"3":3,"4":3,"5":3,"6":3,"7":3},"b":{"0":[0,3],"1":[0,3]},"_coverageSchema":"332fd63041d2c1bcb487cc26dd0d5f7d97098a6c","hash":"918e90b706d943682f122641ab9d98181b6dc8c6"}
,"/Users/kpryzk/codefellows/401/labs/33-photo-uploads/lab-katherine/sluggram-backend/src/lib/util.js": {"path":"/Users/kpryzk/codefellows/401/labs/33-photo-uploads/lab-katherine/sluggram-backend/src/lib/util.js","statementMap":{"0":{"start":{"line":6,"column":11},"end":{"line":6,"column":23}},"1":{"start":{"line":9,"column":23},"end":{"line":10,"column":39}},"2":{"start":{"line":10,"column":2},"end":{"line":10,"column":39}},"3":{"start":{"line":10,"column":15},"end":{"line":10,"column":39}},"4":{"start":{"line":12,"column":28},"end":{"line":13,"column":39}},"5":{"start":{"line":13,"column":2},"end":{"line":13,"column":39}},"6":{"start":{"line":13,"column":15},"end":{"line":13,"column":39}},"7":{"start":{"line":15,"column":23},"end":{"line":16,"column":58}},"8":{"start":{"line":16,"column":2},"end":{"line":16,"column":58}},"9":{"start":{"line":16,"column":11},"end":{"line":16,"column":58}},"10":{"start":{"line":16,"column":40},"end":{"line":16,"column":52}},"11":{"start":{"line":18,"column":25},"end":{"line":20,"column":66}},"12":{"start":{"line":18,"column":33},"end":{"line":20,"column":66}},"13":{"start":{"line":19,"column":2},"end":{"line":20,"column":66}},"14":{"start":{"line":20,"column":4},"end":{"line":20,"column":65}},"15":{"start":{"line":20,"column":31},"end":{"line":20,"column":64}},"16":{"start":{"line":22,"column":19},"end":{"line":23,"column":65}},"17":{"start":{"line":23,"column":2},"end":{"line":23,"column":65}},"18":{"start":{"line":25,"column":24},"end":{"line":26,"column":67}},"19":{"start":{"line":26,"column":2},"end":{"line":26,"column":67}},"20":{"start":{"line":28,"column":34},"end":{"line":28,"column":70}},"21":{"start":{"line":28,"column":44},"end":{"line":28,"column":70}},"22":{"start":{"line":30,"column":19},"end":{"line":31,"column":36}},"23":{"start":{"line":31,"column":2},"end":{"line":31,"column":36}},"24":{"start":{"line":33,"column":22},"end":{"line":34,"column":39}},"25":{"start":{"line":34,"column":2},"end":{"line":34,"column":39}},"26":{"start":{"line":36,"column":22},"end":{"line":37,"column":42}},"27":{"start":{"line":37,"column":2},"end":{"line":37,"column":42}},"28":{"start":{"line":39,"column":20},"end":{"line":40,"column":40}},"29":{"start":{"line":40,"column":2},"end":{"line":40,"column":40}},"30":{"start":{"line":42,"column":32},"end":{"line":42,"column":62}},"31":{"start":{"line":42,"column":42},"end":{"line":42,"column":62}},"32":{"start":{"line":43,"column":33},"end":{"line":43,"column":82}},"33":{"start":{"line":43,"column":43},"end":{"line":43,"column":82}},"34":{"start":{"line":45,"column":42},"end":{"line":55,"column":1}},"35":{"start":{"line":46,"column":2},"end":{"line":54,"column":61}},"36":{"start":{"line":53,"column":18},"end":{"line":53,"column":62}},"37":{"start":{"line":53,"column":51},"end":{"line":53,"column":60}},"38":{"start":{"line":54,"column":20},"end":{"line":54,"column":59}},"39":{"start":{"line":54,"column":52},"end":{"line":54,"column":58}},"40":{"start":{"line":57,"column":27},"end":{"line":76,"column":1}},"41":{"start":{"line":57,"column":51},"end":{"line":76,"column":1}},"42":{"start":{"line":58,"column":15},"end":{"line":58,"column":48}},"43":{"start":{"line":59,"column":18},"end":{"line":59,"column":21}},"44":{"start":{"line":60,"column":14},"end":{"line":60,"column":64}},"45":{"start":{"line":61,"column":2},"end":{"line":75,"column":7}},"46":{"start":{"line":63,"column":22},"end":{"line":63,"column":48}},"47":{"start":{"line":64,"column":6},"end":{"line":74,"column":12}},"48":{"start":{"line":68,"column":27},"end":{"line":74,"column":9}}},"fnMap":{"0":{"name":"(anonymous_0)","decl":{"start":{"line":9,"column":23},"end":{"line":9,"column":24}},"loc":{"start":{"line":10,"column":2},"end":{"line":10,"column":39}},"line":10},"1":{"name":"(anonymous_1)","decl":{"start":{"line":10,"column":2},"end":{"line":10,"column":3}},"loc":{"start":{"line":10,"column":15},"end":{"line":10,"column":39}},"line":10},"2":{"name":"(anonymous_2)","decl":{"start":{"line":12,"column":28},"end":{"line":12,"column":29}},"loc":{"start":{"line":13,"column":2},"end":{"line":13,"column":39}},"line":13},"3":{"name":"(anonymous_3)","decl":{"start":{"line":13,"column":2},"end":{"line":13,"column":3}},"loc":{"start":{"line":13,"column":15},"end":{"line":13,"column":39}},"line":13},"4":{"name":"(anonymous_4)","decl":{"start":{"line":15,"column":23},"end":{"line":15,"column":24}},"loc":{"start":{"line":16,"column":2},"end":{"line":16,"column":58}},"line":16},"5":{"name":"(anonymous_5)","decl":{"start":{"line":16,"column":2},"end":{"line":16,"column":3}},"loc":{"start":{"line":16,"column":11},"end":{"line":16,"column":58}},"line":16},"6":{"name":"(anonymous_6)","decl":{"start":{"line":16,"column":22},"end":{"line":16,"column":23}},"loc":{"start":{"line":16,"column":40},"end":{"line":16,"column":52}},"line":16},"7":{"name":"(anonymous_7)","decl":{"start":{"line":18,"column":25},"end":{"line":18,"column":26}},"loc":{"start":{"line":18,"column":33},"end":{"line":20,"column":66}},"line":18},"8":{"name":"(anonymous_8)","decl":{"start":{"line":18,"column":33},"end":{"line":18,"column":34}},"loc":{"start":{"line":19,"column":2},"end":{"line":20,"column":66}},"line":19},"9":{"name":"(anonymous_9)","decl":{"start":{"line":19,"column":14},"end":{"line":19,"column":15}},"loc":{"start":{"line":20,"column":4},"end":{"line":20,"column":65}},"line":20},"10":{"name":"(anonymous_10)","decl":{"start":{"line":20,"column":16},"end":{"line":20,"column":17}},"loc":{"start":{"line":20,"column":31},"end":{"line":20,"column":64}},"line":20},"11":{"name":"(anonymous_11)","decl":{"start":{"line":22,"column":19},"end":{"line":22,"column":20}},"loc":{"start":{"line":23,"column":2},"end":{"line":23,"column":65}},"line":23},"12":{"name":"(anonymous_12)","decl":{"start":{"line":25,"column":24},"end":{"line":25,"column":25}},"loc":{"start":{"line":26,"column":2},"end":{"line":26,"column":67}},"line":26},"13":{"name":"(anonymous_13)","decl":{"start":{"line":28,"column":34},"end":{"line":28,"column":35}},"loc":{"start":{"line":28,"column":44},"end":{"line":28,"column":70}},"line":28},"14":{"name":"(anonymous_14)","decl":{"start":{"line":30,"column":19},"end":{"line":30,"column":20}},"loc":{"start":{"line":31,"column":2},"end":{"line":31,"column":36}},"line":31},"15":{"name":"(anonymous_15)","decl":{"start":{"line":33,"column":22},"end":{"line":33,"column":23}},"loc":{"start":{"line":34,"column":2},"end":{"line":34,"column":39}},"line":34},"16":{"name":"(anonymous_16)","decl":{"start":{"line":36,"column":22},"end":{"line":36,"column":23}},"loc":{"start":{"line":37,"column":2},"end":{"line":37,"column":42}},"line":37},"17":{"name":"(anonymous_17)","decl":{"start":{"line":39,"column":20},"end":{"line":39,"column":21}},"loc":{"start":{"line":40,"column":2},"end":{"line":40,"column":40}},"line":40},"18":{"name":"(anonymous_18)","decl":{"start":{"line":42,"column":32},"end":{"line":42,"column":33}},"loc":{"start":{"line":42,"column":42},"end":{"line":42,"column":62}},"line":42},"19":{"name":"(anonymous_19)","decl":{"start":{"line":43,"column":33},"end":{"line":43,"column":34}},"loc":{"start":{"line":43,"column":43},"end":{"line":43,"column":82}},"line":43},"20":{"name":"(anonymous_20)","decl":{"start":{"line":45,"column":42},"end":{"line":45,"column":43}},"loc":{"start":{"line":45,"column":52},"end":{"line":55,"column":1}},"line":45},"21":{"name":"(anonymous_21)","decl":{"start":{"line":53,"column":11},"end":{"line":53,"column":12}},"loc":{"start":{"line":53,"column":18},"end":{"line":53,"column":62}},"line":53},"22":{"name":"(anonymous_22)","decl":{"start":{"line":53,"column":44},"end":{"line":53,"column":45}},"loc":{"start":{"line":53,"column":50},"end":{"line":53,"column":61}},"line":53},"23":{"name":"(anonymous_23)","decl":{"start":{"line":54,"column":10},"end":{"line":54,"column":11}},"loc":{"start":{"line":54,"column":20},"end":{"line":54,"column":59}},"line":54},"24":{"name":"(anonymous_24)","decl":{"start":{"line":54,"column":46},"end":{"line":54,"column":47}},"loc":{"start":{"line":54,"column":52},"end":{"line":54,"column":58}},"line":54},"25":{"name":"(anonymous_25)","decl":{"start":{"line":57,"column":27},"end":{"line":57,"column":28}},"loc":{"start":{"line":57,"column":51},"end":{"line":76,"column":1}},"line":57},"26":{"name":"(anonymous_26)","decl":{"start":{"line":57,"column":51},"end":{"line":57,"column":52}},"loc":{"start":{"line":57,"column":70},"end":{"line":76,"column":1}},"line":57},"27":{"name":"(anonymous_27)","decl":{"start":{"line":62,"column":10},"end":{"line":62,"column":11}},"loc":{"start":{"line":62,"column":19},"end":{"line":75,"column":5}},"line":62},"28":{"name":"(anonymous_28)","decl":{"start":{"line":68,"column":14},"end":{"line":68,"column":15}},"loc":{"start":{"line":68,"column":27},"end":{"line":74,"column":9}},"line":68}},"branchMap":{"0":{"loc":{"start":{"line":20,"column":31},"end":{"line":20,"column":64}},"type":"cond-expr","locations":[{"start":{"line":20,"column":37},"end":{"line":20,"column":48}},{"start":{"line":20,"column":51},"end":{"line":20,"column":64}}],"line":20},"1":{"loc":{"start":{"line":23,"column":2},"end":{"line":23,"column":65}},"type":"cond-expr","locations":[{"start":{"line":23,"column":34},"end":{"line":23,"column":54}},{"start":{"line":23,"column":56},"end":{"line":23,"column":65}}],"line":23},"2":{"loc":{"start":{"line":26,"column":2},"end":{"line":26,"column":67}},"type":"cond-expr","locations":[{"start":{"line":26,"column":33},"end":{"line":26,"column":55}},{"start":{"line":26,"column":58},"end":{"line":26,"column":67}}],"line":26},"3":{"loc":{"start":{"line":57,"column":35},"end":{"line":57,"column":46}},"type":"default-arg","locations":[{"start":{"line":57,"column":44},"end":{"line":57,"column":46}}],"line":57},"4":{"loc":{"start":{"line":57,"column":57},"end":{"line":57,"column":65}},"type":"default-arg","locations":[{"start":{"line":57,"column":63},"end":{"line":57,"column":65}}],"line":57},"5":{"loc":{"start":{"line":58,"column":15},"end":{"line":58,"column":48}},"type":"binary-expr","locations":[{"start":{"line":58,"column":16},"end":{"line":58,"column":42}},{"start":{"line":58,"column":47},"end":{"line":58,"column":48}}],"line":58},"6":{"loc":{"start":{"line":66,"column":14},"end":{"line":66,"column":49}},"type":"cond-expr","locations":[{"start":{"line":66,"column":27},"end":{"line":66,"column":45}},{"start":{"line":66,"column":48},"end":{"line":66,"column":49}}],"line":66},"7":{"loc":{"start":{"line":72,"column":16},"end":{"line":72,"column":73}},"type":"cond-expr","locations":[{"start":{"line":72,"column":47},"end":{"line":72,"column":66}},{"start":{"line":72,"column":69},"end":{"line":72,"column":73}}],"line":72},"8":{"loc":{"start":{"line":72,"column":16},"end":{"line":72,"column":43}},"type":"binary-expr","locations":[{"start":{"line":72,"column":16},"end":{"line":72,"column":26}},{"start":{"line":72,"column":30},"end":{"line":72,"column":43}}],"line":72},"9":{"loc":{"start":{"line":73,"column":16},"end":{"line":73,"column":85}},"type":"cond-expr","locations":[{"start":{"line":73,"column":55},"end":{"line":73,"column":78}},{"start":{"line":73,"column":81},"end":{"line":73,"column":85}}],"line":73},"10":{"loc":{"start":{"line":73,"column":16},"end":{"line":73,"column":52}},"type":"binary-expr","locations":[{"start":{"line":73,"column":16},"end":{"line":73,"column":27}},{"start":{"line":73,"column":31},"end":{"line":73,"column":52}}],"line":73}},"s":{"0":6,"1":6,"2":16,"3":3,"4":6,"5":3,"6":4,"7":6,"8":1,"9":1,"10":4,"11":6,"12":15,"13":16,"14":16,"15":16,"16":6,"17":24,"18":6,"19":17,"20":6,"21":1,"22":6,"23":0,"24":6,"25":0,"26":6,"27":0,"28":6,"29":1,"30":6,"31":2,"32":6,"33":1,"34":6,"35":5,"36":0,"37":0,"38":5,"39":5,"40":6,"41":6,"42":7,"43":7,"44":7,"45":7,"46":7,"47":7,"48":7},"f":{"0":16,"1":3,"2":3,"3":4,"4":1,"5":1,"6":4,"7":15,"8":16,"9":16,"10":16,"11":24,"12":17,"13":1,"14":0,"15":0,"16":0,"17":1,"18":2,"19":1,"20":5,"21":0,"22":0,"23":5,"24":5,"25":6,"26":7,"27":7,"28":7},"b":{"0":[1,15],"1":[23,1],"2":[16,1],"3":[3],"4":[7],"5":[7,2],"6":[4,3],"7":[3,4],"8":[7,4],"9":[2,5],"10":[7,6]},"_coverageSchema":"332fd63041d2c1bcb487cc26dd0d5f7d97098a6c","hash":"be029f6c613f60b0a38a1936df5787d9298b02a6"}
,"/Users/kpryzk/codefellows/401/labs/33-photo-uploads/lab-katherine/sluggram-backend/src/middleware/bind-response-methods.js": {"path":"/Users/kpryzk/codefellows/401/labs/33-photo-uploads/lab-katherine/sluggram-backend/src/middleware/bind-response-methods.js","statementMap":{"0":{"start":{"line":2,"column":2},"end":{"line":2,"column":32}},"1":{"start":{"line":3,"column":2},"end":{"line":3,"column":32}},"2":{"start":{"line":4,"column":2},"end":{"line":4,"column":36}},"3":{"start":{"line":5,"column":2},"end":{"line":5,"column":40}},"4":{"start":{"line":6,"column":2},"end":{"line":6,"column":44}},"5":{"start":{"line":7,"column":2},"end":{"line":14,"column":4}},"6":{"start":{"line":8,"column":4},"end":{"line":12,"column":7}},"7":{"start":{"line":13,"column":4},"end":{"line":13,"column":19}},"8":{"start":{"line":15,"column":2},"end":{"line":15,"column":9}}},"fnMap":{"0":{"name":"(anonymous_0)","decl":{"start":{"line":1,"column":15},"end":{"line":1,"column":16}},"loc":{"start":{"line":1,"column":35},"end":{"line":16,"column":1}},"line":1},"1":{"name":"(anonymous_1)","decl":{"start":{"line":7,"column":13},"end":{"line":7,"column":14}},"loc":{"start":{"line":7,"column":23},"end":{"line":14,"column":3}},"line":7}},"branchMap":{},"s":{"0":35,"1":35,"2":35,"3":35,"4":35,"5":35,"6":7,"7":7,"8":35},"f":{"0":35,"1":7},"b":{},"_coverageSchema":"332fd63041d2c1bcb487cc26dd0d5f7d97098a6c","hash":"5cdf2945a78b1e272620d5053545055662284bd1"}
,"/Users/kpryzk/codefellows/401/labs/33-photo-uploads/lab-katherine/sluggram-backend/src/middleware/error-handler.js": {"path":"/Users/kpryzk/codefellows/401/labs/33-photo-uploads/lab-katherine/sluggram-backend/src/middleware/error-handler.js","statementMap":{"0":{"start":{"line":5,"column":2},"end":{"line":5,"column":19}},"1":{"start":{"line":6,"column":2},"end":{"line":6,"column":16}},"2":{"start":{"line":7,"column":2},"end":{"line":8,"column":38}},"3":{"start":{"line":8,"column":4},"end":{"line":8,"column":38}},"4":{"start":{"line":10,"column":2},"end":{"line":10,"column":42}},"5":{"start":{"line":12,"column":2},"end":{"line":13,"column":31}},"6":{"start":{"line":13,"column":4},"end":{"line":13,"column":31}},"7":{"start":{"line":16,"column":2},"end":{"line":17,"column":31}},"8":{"start":{"line":17,"column":4},"end":{"line":17,"column":31}},"9":{"start":{"line":19,"column":2},"end":{"line":20,"column":31}},"10":{"start":{"line":20,"column":4},"end":{"line":20,"column":31}},"11":{"start":{"line":22,"column":2},"end":{"line":23,"column":31}},"12":{"start":{"line":23,"column":4},"end":{"line":23,"column":31}},"13":{"start":{"line":25,"column":2},"end":{"line":25,"column":22}}},"fnMap":{"0":{"name":"(anonymous_0)","decl":{"start":{"line":4,"column":15},"end":{"line":4,"column":16}},"loc":{"start":{"line":4,"column":40},"end":{"line":26,"column":1}},"line":4}},"branchMap":{"0":{"loc":{"start":{"line":7,"column":2},"end":{"line":8,"column":38}},"type":"if","locations":[{"start":{"line":7,"column":2},"end":{"line":8,"column":38}},{"start":{"line":7,"column":2},"end":{"line":8,"column":38}}],"line":7},"1":{"loc":{"start":{"line":12,"column":2},"end":{"line":13,"column":31}},"type":"if","locations":[{"start":{"line":12,"column":2},"end":{"line":13,"column":31}},{"start":{"line":12,"column":2},"end":{"line":13,"column":31}}],"line":12},"2":{"loc":{"start":{"line":16,"column":2},"end":{"line":17,"column":31}},"type":"if","locations":[{"start":{"line":16,"column":2},"end":{"line":17,"column":31}},{"start":{"line":16,"column":2},"end":{"line":17,"column":31}}],"line":16},"3":{"loc":{"start":{"line":19,"column":2},"end":{"line":20,"column":31}},"type":"if","locations":[{"start":{"line":19,"column":2},"end":{"line":20,"column":31}},{"start":{"line":19,"column":2},"end":{"line":20,"column":31}}],"line":19},"4":{"loc":{"start":{"line":22,"column":2},"end":{"line":23,"column":31}},"type":"if","locations":[{"start":{"line":22,"column":2},"end":{"line":23,"column":31}},{"start":{"line":22,"column":2},"end":{"line":23,"column":31}}],"line":22}},"s":{"0":15,"1":15,"2":15,"3":14,"4":1,"5":1,"6":1,"7":0,"8":0,"9":0,"10":0,"11":0,"12":0,"13":0},"f":{"0":15},"b":{"0":[14,1],"1":[1,0],"2":[0,0],"3":[0,0],"4":[0,0]},"_coverageSchema":"332fd63041d2c1bcb487cc26dd0d5f7d97098a6c","hash":"93e2040f163dbab3286c7b72b2343a5943a9bbae"}
,"/Users/kpryzk/codefellows/401/labs/33-photo-uploads/lab-katherine/sluggram-backend/src/middleware/four-oh-four.js": {"path":"/Users/kpryzk/codefellows/401/labs/33-photo-uploads/lab-katherine/sluggram-backend/src/middleware/four-oh-four.js","statementMap":{"0":{"start":{"line":6,"column":2},"end":{"line":6,"column":67}}},"fnMap":{"0":{"name":"(anonymous_0)","decl":{"start":{"line":5,"column":15},"end":{"line":5,"column":16}},"loc":{"start":{"line":6,"column":2},"end":{"line":6,"column":67}},"line":6}},"branchMap":{},"s":{"0":0},"f":{"0":0},"b":{},"_coverageSchema":"332fd63041d2c1bcb487cc26dd0d5f7d97098a6c","hash":"6739f4edf1804b1e9370ba15fd7aed6dffa2599b"}
,"/Users/kpryzk/codefellows/401/labs/33-photo-uploads/lab-katherine/sluggram-backend/src/middleware/index.js": {"path":"/Users/kpryzk/codefellows/401/labs/33-photo-uploads/lab-katherine/sluggram-backend/src/middleware/index.js","statementMap":{},"fnMap":{},"branchMap":{},"s":{},"f":{},"b":{},"_coverageSchema":"332fd63041d2c1bcb487cc26dd0d5f7d97098a6c","hash":"bab1f543412fa22e12996cb847c881df456b0c94"}
,"/Users/kpryzk/codefellows/401/labs/33-photo-uploads/lab-katherine/sluggram-backend/src/middleware/parser-auth.js": {"path":"/Users/kpryzk/codefellows/401/labs/33-photo-uploads/lab-katherine/sluggram-backend/src/middleware/parser-auth.js","statementMap":{"0":{"start":{"line":6,"column":25},"end":{"line":31,"column":1}},"1":{"start":{"line":7,"column":24},"end":{"line":7,"column":35}},"2":{"start":{"line":8,"column":2},"end":{"line":9,"column":73}},"3":{"start":{"line":9,"column":4},"end":{"line":9,"column":73}},"4":{"start":{"line":11,"column":16},"end":{"line":11,"column":48}},"5":{"start":{"line":12,"column":2},"end":{"line":13,"column":64}},"6":{"start":{"line":13,"column":4},"end":{"line":13,"column":64}},"7":{"start":{"line":15,"column":16},"end":{"line":15,"column":56}},"8":{"start":{"line":16,"column":29},"end":{"line":16,"column":47}},"9":{"start":{"line":17,"column":2},"end":{"line":18,"column":78}},"10":{"start":{"line":18,"column":4},"end":{"line":18,"column":78}},"11":{"start":{"line":20,"column":2},"end":{"line":30,"column":17}},"12":{"start":{"line":22,"column":6},"end":{"line":23,"column":61}},"13":{"start":{"line":23,"column":8},"end":{"line":23,"column":61}},"14":{"start":{"line":24,"column":6},"end":{"line":24,"column":44}},"15":{"start":{"line":27,"column":6},"end":{"line":27,"column":22}},"16":{"start":{"line":28,"column":6},"end":{"line":28,"column":13}},"17":{"start":{"line":33,"column":26},"end":{"line":51,"column":1}},"18":{"start":{"line":34,"column":24},"end":{"line":34,"column":35}},"19":{"start":{"line":35,"column":2},"end":{"line":36,"column":73}},"20":{"start":{"line":36,"column":4},"end":{"line":36,"column":73}},"21":{"start":{"line":38,"column":14},"end":{"line":38,"column":47}},"22":{"start":{"line":39,"column":2},"end":{"line":40,"column":65}},"23":{"start":{"line":40,"column":4},"end":{"line":40,"column":65}},"24":{"start":{"line":42,"column":2},"end":{"line":50,"column":38}},"25":{"start":{"line":43,"column":28},"end":{"line":43,"column":54}},"26":{"start":{"line":45,"column":6},"end":{"line":46,"column":61}},"27":{"start":{"line":46,"column":8},"end":{"line":46,"column":61}},"28":{"start":{"line":47,"column":6},"end":{"line":47,"column":22}},"29":{"start":{"line":48,"column":6},"end":{"line":48,"column":13}}},"fnMap":{"0":{"name":"(anonymous_0)","decl":{"start":{"line":6,"column":25},"end":{"line":6,"column":26}},"loc":{"start":{"line":6,"column":45},"end":{"line":31,"column":1}},"line":6},"1":{"name":"(anonymous_1)","decl":{"start":{"line":21,"column":10},"end":{"line":21,"column":11}},"loc":{"start":{"line":21,"column":18},"end":{"line":25,"column":5}},"line":21},"2":{"name":"(anonymous_2)","decl":{"start":{"line":26,"column":10},"end":{"line":26,"column":11}},"loc":{"start":{"line":26,"column":18},"end":{"line":29,"column":5}},"line":26},"3":{"name":"(anonymous_3)","decl":{"start":{"line":33,"column":26},"end":{"line":33,"column":27}},"loc":{"start":{"line":33,"column":46},"end":{"line":51,"column":1}},"line":33},"4":{"name":"(anonymous_4)","decl":{"start":{"line":43,"column":10},"end":{"line":43,"column":11}},"loc":{"start":{"line":43,"column":28},"end":{"line":43,"column":54}},"line":43},"5":{"name":"(anonymous_5)","decl":{"start":{"line":44,"column":10},"end":{"line":44,"column":11}},"loc":{"start":{"line":44,"column":20},"end":{"line":49,"column":5}},"line":44}},"branchMap":{"0":{"loc":{"start":{"line":8,"column":2},"end":{"line":9,"column":73}},"type":"if","locations":[{"start":{"line":8,"column":2},"end":{"line":9,"column":73}},{"start":{"line":8,"column":2},"end":{"line":9,"column":73}}],"line":8},"1":{"loc":{"start":{"line":12,"column":2},"end":{"line":13,"column":64}},"type":"if","locations":[{"start":{"line":12,"column":2},"end":{"line":13,"column":64}},{"start":{"line":12,"column":2},"end":{"line":13,"column":64}}],"line":12},"2":{"loc":{"start":{"line":17,"column":2},"end":{"line":18,"column":78}},"type":"if","locations":[{"start":{"line":17,"column":2},"end":{"line":18,"column":78}},{"start":{"line":17,"column":2},"end":{"line":18,"column":78}}],"line":17},"3":{"loc":{"start":{"line":17,"column":5},"end":{"line":17,"column":27}},"type":"binary-expr","locations":[{"start":{"line":17,"column":5},"end":{"line":17,"column":14}},{"start":{"line":17,"column":18},"end":{"line":17,"column":27}}],"line":17},"4":{"loc":{"start":{"line":22,"column":6},"end":{"line":23,"column":61}},"type":"if","locations":[{"start":{"line":22,"column":6},"end":{"line":23,"column":61}},{"start":{"line":22,"column":6},"end":{"line":23,"column":61}}],"line":22},"5":{"loc":{"start":{"line":35,"column":2},"end":{"line":36,"column":73}},"type":"if","locations":[{"start":{"line":35,"column":2},"end":{"line":36,"column":73}},{"start":{"line":35,"column":2},"end":{"line":36,"column":73}}],"line":35},"6":{"loc":{"start":{"line":39,"column":2},"end":{"line":40,"column":65}},"type":"if","locations":[{"start":{"line":39,"column":2},"end":{"line":40,"column":65}},{"start":{"line":39,"column":2},"end":{"line":40,"column":65}}],"line":39},"7":{"loc":{"start":{"line":45,"column":6},"end":{"line":46,"column":61}},"type":"if","locations":[{"start":{"line":45,"column":6},"end":{"line":46,"column":61}},{"start":{"line":45,"column":6},"end":{"line":46,"column":61}}],"line":45}},"s":{"0":3,"1":5,"2":5,"3":2,"4":3,"5":3,"6":0,"7":3,"8":3,"9":3,"10":0,"11":3,"12":3,"13":1,"14":2,"15":1,"16":1,"17":3,"18":14,"19":14,"20":0,"21":14,"22":14,"23":0,"24":14,"25":14,"26":14,"27":0,"28":14,"29":14},"f":{"0":5,"1":3,"2":1,"3":14,"4":14,"5":14},"b":{"0":[2,3],"1":[0,3],"2":[0,3],"3":[3,3],"4":[1,2],"5":[0,14],"6":[0,14],"7":[0,14]},"_coverageSchema":"332fd63041d2c1bcb487cc26dd0d5f7d97098a6c","hash":"95360f85a05060e17c7e08b4187a98b97a438b9f"}
,"/Users/kpryzk/codefellows/401/labs/33-photo-uploads/lab-katherine/sluggram-backend/src/middleware/parser-body.js": {"path":"/Users/kpryzk/codefellows/401/labs/33-photo-uploads/lab-katherine/sluggram-backend/src/middleware/parser-body.js","statementMap":{"0":{"start":{"line":6,"column":15},"end":{"line":6,"column":56}},"1":{"start":{"line":10,"column":20},"end":{"line":10,"column":47}},"2":{"start":{"line":12,"column":2},"end":{"line":13,"column":45}},"3":{"start":{"line":13,"column":4},"end":{"line":13,"column":45}},"4":{"start":{"line":15,"column":2},"end":{"line":16,"column":40}},"5":{"start":{"line":16,"column":4},"end":{"line":16,"column":40}},"6":{"start":{"line":18,"column":2},"end":{"line":19,"column":70}}},"fnMap":{"0":{"name":"(anonymous_0)","decl":{"start":{"line":9,"column":15},"end":{"line":9,"column":16}},"loc":{"start":{"line":9,"column":35},"end":{"line":20,"column":1}},"line":9}},"branchMap":{"0":{"loc":{"start":{"line":12,"column":2},"end":{"line":13,"column":45}},"type":"if","locations":[{"start":{"line":12,"column":2},"end":{"line":13,"column":45}},{"start":{"line":12,"column":2},"end":{"line":13,"column":45}}],"line":12},"1":{"loc":{"start":{"line":15,"column":2},"end":{"line":16,"column":40}},"type":"if","locations":[{"start":{"line":15,"column":2},"end":{"line":16,"column":40}},{"start":{"line":15,"column":2},"end":{"line":16,"column":40}}],"line":15}},"s":{"0":3,"1":14,"2":14,"3":7,"4":7,"5":7,"6":0},"f":{"0":14},"b":{"0":[7,7],"1":[7,0]},"_coverageSchema":"332fd63041d2c1bcb487cc26dd0d5f7d97098a6c","hash":"9c06111cd6cda46816ca1da5b4c5689090cb800e"}
,"/Users/kpryzk/codefellows/401/labs/33-photo-uploads/lab-katherine/sluggram-backend/src/middleware/router-auth.js": {"path":"/Users/kpryzk/codefellows/401/labs/33-photo-uploads/lab-katherine/sluggram-backend/src/middleware/router-auth.js","statementMap":{"0":{"start":{"line":11,"column":4},"end":{"line":11,"column":34}},"1":{"start":{"line":13,"column":4},"end":{"line":21,"column":19}},"2":{"start":{"line":14,"column":20},"end":{"line":14,"column":38}},"3":{"start":{"line":16,"column":8},"end":{"line":16,"column":64}},"4":{"start":{"line":17,"column":8},"end":{"line":17,"column":69}},"5":{"start":{"line":19,"column":8},"end":{"line":19,"column":24}},"6":{"start":{"line":24,"column":4},"end":{"line":30,"column":19}},"7":{"start":{"line":26,"column":8},"end":{"line":27,"column":37}},"8":{"start":{"line":27,"column":10},"end":{"line":27,"column":37}},"9":{"start":{"line":28,"column":8},"end":{"line":28,"column":35}},"10":{"start":{"line":33,"column":4},"end":{"line":33,"column":32}},"11":{"start":{"line":34,"column":4},"end":{"line":40,"column":19}},"12":{"start":{"line":36,"column":28},"end":{"line":36,"column":59}},"13":{"start":{"line":37,"column":8},"end":{"line":37,"column":61}},"14":{"start":{"line":38,"column":8},"end":{"line":38,"column":24}}},"fnMap":{"0":{"name":"(anonymous_0)","decl":{"start":{"line":10,"column":31},"end":{"line":10,"column":32}},"loc":{"start":{"line":10,"column":51},"end":{"line":22,"column":3}},"line":10},"1":{"name":"(anonymous_1)","decl":{"start":{"line":14,"column":12},"end":{"line":14,"column":13}},"loc":{"start":{"line":14,"column":20},"end":{"line":14,"column":38}},"line":14},"2":{"name":"(anonymous_2)","decl":{"start":{"line":15,"column":12},"end":{"line":15,"column":13}},"loc":{"start":{"line":15,"column":21},"end":{"line":20,"column":7}},"line":15},"3":{"name":"(anonymous_3)","decl":{"start":{"line":23,"column":31},"end":{"line":23,"column":32}},"loc":{"start":{"line":23,"column":51},"end":{"line":31,"column":3}},"line":23},"4":{"name":"(anonymous_4)","decl":{"start":{"line":25,"column":12},"end":{"line":25,"column":13}},"loc":{"start":{"line":25,"column":20},"end":{"line":29,"column":7}},"line":25},"5":{"name":"(anonymous_5)","decl":{"start":{"line":32,"column":28},"end":{"line":32,"column":29}},"loc":{"start":{"line":32,"column":48},"end":{"line":41,"column":3}},"line":32},"6":{"name":"(anonymous_6)","decl":{"start":{"line":35,"column":12},"end":{"line":35,"column":13}},"loc":{"start":{"line":35,"column":23},"end":{"line":39,"column":7}},"line":35}},"branchMap":{"0":{"loc":{"start":{"line":26,"column":8},"end":{"line":27,"column":37}},"type":"if","locations":[{"start":{"line":26,"column":8},"end":{"line":27,"column":37}},{"start":{"line":26,"column":8},"end":{"line":27,"column":37}}],"line":26}},"s":{"0":5,"1":5,"2":1,"3":1,"4":1,"5":1,"6":0,"7":0,"8":0,"9":0,"10":1,"11":1,"12":1,"13":1,"14":1},"f":{"0":5,"1":1,"2":1,"3":0,"4":0,"5":1,"6":1},"b":{"0":[0,0]},"_coverageSchema":"332fd63041d2c1bcb487cc26dd0d5f7d97098a6c","hash":"8d0dda765e7a56ff76ebb39c43a937ac67a5c726"}
,"/Users/kpryzk/codefellows/401/labs/33-photo-uploads/lab-katherine/sluggram-backend/src/middleware/router-photo.js": {"path":"/Users/kpryzk/codefellows/401/labs/33-photo-uploads/lab-katherine/sluggram-backend/src/middleware/router-photo.js","statementMap":{"0":{"start":{"line":8,"column":4},"end":{"line":10,"column":18}},"1":{"start":{"line":13,"column":4},"end":{"line":15,"column":18}},"2":{"start":{"line":18,"column":4},"end":{"line":20,"column":18}},"3":{"start":{"line":23,"column":4},"end":{"line":25,"column":18}},"4":{"start":{"line":28,"column":4},"end":{"line":30,"column":18}},"5":{"start":{"line":33,"column":4},"end":{"line":35,"column":18}},"6":{"start":{"line":34,"column":18},"end":{"line":34,"column":37}}},"fnMap":{"0":{"name":"(anonymous_0)","decl":{"start":{"line":7,"column":43},"end":{"line":7,"column":44}},"loc":{"start":{"line":7,"column":63},"end":{"line":11,"column":3}},"line":7},"1":{"name":"(anonymous_1)","decl":{"start":{"line":12,"column":18},"end":{"line":12,"column":19}},"loc":{"start":{"line":12,"column":38},"end":{"line":16,"column":3}},"line":12},"2":{"name":"(anonymous_2)","decl":{"start":{"line":17,"column":33},"end":{"line":17,"column":34}},"loc":{"start":{"line":17,"column":53},"end":{"line":21,"column":3}},"line":17},"3":{"name":"(anonymous_3)","decl":{"start":{"line":22,"column":22},"end":{"line":22,"column":23}},"loc":{"start":{"line":22,"column":42},"end":{"line":26,"column":3}},"line":22},"4":{"name":"(anonymous_4)","decl":{"start":{"line":27,"column":46},"end":{"line":27,"column":47}},"loc":{"start":{"line":27,"column":66},"end":{"line":31,"column":3}},"line":27},"5":{"name":"(anonymous_5)","decl":{"start":{"line":32,"column":37},"end":{"line":32,"column":38}},"loc":{"start":{"line":32,"column":57},"end":{"line":36,"column":3}},"line":32},"6":{"name":"(anonymous_6)","decl":{"start":{"line":34,"column":12},"end":{"line":34,"column":13}},"loc":{"start":{"line":34,"column":18},"end":{"line":34,"column":37}},"line":34}},"branchMap":{},"s":{"0":3,"1":2,"2":0,"3":2,"4":2,"5":2,"6":1},"f":{"0":3,"1":2,"2":0,"3":2,"4":2,"5":2,"6":1},"b":{},"_coverageSchema":"332fd63041d2c1bcb487cc26dd0d5f7d97098a6c","hash":"aae5f1bfe6c24250562d9fa9b13e8422e8612ba4"}
,"/Users/kpryzk/codefellows/401/labs/33-photo-uploads/lab-katherine/sluggram-backend/src/middleware/router-profile.js": {"path":"/Users/kpryzk/codefellows/401/labs/33-photo-uploads/lab-katherine/sluggram-backend/src/middleware/router-profile.js","statementMap":{"0":{"start":{"line":9,"column":4},"end":{"line":11,"column":19}},"1":{"start":{"line":14,"column":4},"end":{"line":16,"column":19}},"2":{"start":{"line":19,"column":4},"end":{"line":25,"column":19}},"3":{"start":{"line":21,"column":8},"end":{"line":22,"column":78}},"4":{"start":{"line":22,"column":10},"end":{"line":22,"column":78}},"5":{"start":{"line":23,"column":8},"end":{"line":23,"column":26}},"6":{"start":{"line":28,"column":4},"end":{"line":30,"column":19}},"7":{"start":{"line":33,"column":4},"end":{"line":35,"column":19}},"8":{"start":{"line":38,"column":4},"end":{"line":40,"column":19}},"9":{"start":{"line":39,"column":18},"end":{"line":39,"column":37}}},"fnMap":{"0":{"name":"(anonymous_0)","decl":{"start":{"line":8,"column":45},"end":{"line":8,"column":46}},"loc":{"start":{"line":8,"column":65},"end":{"line":12,"column":3}},"line":8},"1":{"name":"(anonymous_1)","decl":{"start":{"line":13,"column":20},"end":{"line":13,"column":21}},"loc":{"start":{"line":13,"column":40},"end":{"line":17,"column":3}},"line":13},"2":{"name":"(anonymous_2)","decl":{"start":{"line":18,"column":35},"end":{"line":18,"column":36}},"loc":{"start":{"line":18,"column":55},"end":{"line":26,"column":3}},"line":18},"3":{"name":"(anonymous_3)","decl":{"start":{"line":20,"column":12},"end":{"line":20,"column":13}},"loc":{"start":{"line":20,"column":23},"end":{"line":24,"column":7}},"line":20},"4":{"name":"(anonymous_4)","decl":{"start":{"line":27,"column":24},"end":{"line":27,"column":25}},"loc":{"start":{"line":27,"column":44},"end":{"line":31,"column":3}},"line":27},"5":{"name":"(anonymous_5)","decl":{"start":{"line":32,"column":48},"end":{"line":32,"column":49}},"loc":{"start":{"line":32,"column":68},"end":{"line":36,"column":3}},"line":32},"6":{"name":"(anonymous_6)","decl":{"start":{"line":37,"column":39},"end":{"line":37,"column":40}},"loc":{"start":{"line":37,"column":59},"end":{"line":41,"column":3}},"line":37},"7":{"name":"(anonymous_7)","decl":{"start":{"line":39,"column":12},"end":{"line":39,"column":13}},"loc":{"start":{"line":39,"column":18},"end":{"line":39,"column":37}},"line":39}},"branchMap":{"0":{"loc":{"start":{"line":21,"column":8},"end":{"line":22,"column":78}},"type":"if","locations":[{"start":{"line":21,"column":8},"end":{"line":22,"column":78}},{"start":{"line":21,"column":8},"end":{"line":22,"column":78}}],"line":21}},"s":{"0":2,"1":5,"2":1,"3":1,"4":0,"5":1,"6":2,"7":2,"8":2,"9":1},"f":{"0":2,"1":5,"2":1,"3":1,"4":2,"5":2,"6":2,"7":1},"b":{"0":[0,1]},"_coverageSchema":"332fd63041d2c1bcb487cc26dd0d5f7d97098a6c","hash":"01a5bdcc74349561b457b155cca9679b70ceb025"}
,"/Users/kpryzk/codefellows/401/labs/33-photo-uploads/lab-katherine/sluggram-backend/src/model/photo.js": {"path":"/Users/kpryzk/codefellows/401/labs/33-photo-uploads/lab-katherine/sluggram-backend/src/model/photo.js","statementMap":{"0":{"start":{"line":6,"column":20},"end":{"line":12,"column":2}},"1":{"start":{"line":14,"column":14},"end":{"line":14,"column":50}},"2":{"start":{"line":16,"column":0},"end":{"line":39,"column":2}},"3":{"start":{"line":17,"column":2},"end":{"line":18,"column":82}},"4":{"start":{"line":18,"column":4},"end":{"line":18,"column":82}},"5":{"start":{"line":20,"column":2},"end":{"line":21,"column":82}},"6":{"start":{"line":21,"column":4},"end":{"line":21,"column":82}},"7":{"start":{"line":23,"column":2},"end":{"line":27,"column":3}},"8":{"start":{"line":24,"column":14},"end":{"line":24,"column":70}},"9":{"start":{"line":25,"column":4},"end":{"line":26,"column":30}},"10":{"start":{"line":26,"column":19},"end":{"line":26,"column":28}},"11":{"start":{"line":29,"column":15},"end":{"line":29,"column":24}},"12":{"start":{"line":30,"column":2},"end":{"line":36,"column":3}},"13":{"start":{"line":31,"column":4},"end":{"line":35,"column":5}},"14":{"start":{"line":32,"column":16},"end":{"line":32,"column":81}},"15":{"start":{"line":33,"column":6},"end":{"line":34,"column":32}},"16":{"start":{"line":34,"column":21},"end":{"line":34,"column":30}},"17":{"start":{"line":38,"column":2},"end":{"line":38,"column":31}},"18":{"start":{"line":41,"column":0},"end":{"line":58,"column":2}},"19":{"start":{"line":42,"column":2},"end":{"line":57,"column":7}},"20":{"start":{"line":44,"column":6},"end":{"line":52,"column":11}},"21":{"start":{"line":46,"column":10},"end":{"line":51,"column":20}},"22":{"start":{"line":55,"column":6},"end":{"line":56,"column":29}},"23":{"start":{"line":60,"column":0},"end":{"line":60,"column":58}},"24":{"start":{"line":62,"column":0},"end":{"line":70,"column":1}},"25":{"start":{"line":63,"column":2},"end":{"line":69,"column":6}},"26":{"start":{"line":66,"column":6},"end":{"line":67,"column":66}},"27":{"start":{"line":67,"column":8},"end":{"line":67,"column":66}},"28":{"start":{"line":68,"column":6},"end":{"line":68,"column":18}},"29":{"start":{"line":72,"column":0},"end":{"line":82,"column":1}},"30":{"start":{"line":73,"column":2},"end":{"line":81,"column":6}},"31":{"start":{"line":75,"column":6},"end":{"line":80,"column":10}},"32":{"start":{"line":77,"column":23},"end":{"line":77,"column":45}},"33":{"start":{"line":78,"column":10},"end":{"line":78,"column":76}},"34":{"start":{"line":78,"column":35},"end":{"line":78,"column":76}},"35":{"start":{"line":79,"column":10},"end":{"line":79,"column":97}},"36":{"start":{"line":84,"column":0},"end":{"line":98,"column":1}},"37":{"start":{"line":85,"column":2},"end":{"line":90,"column":8}},"38":{"start":{"line":86,"column":4},"end":{"line":90,"column":8}},"39":{"start":{"line":88,"column":8},"end":{"line":89,"column":39}},"40":{"start":{"line":91,"column":16},"end":{"line":91,"column":48}},"41":{"start":{"line":92,"column":15},"end":{"line":92,"column":50}},"42":{"start":{"line":93,"column":2},"end":{"line":97,"column":6}},"43":{"start":{"line":95,"column":6},"end":{"line":96,"column":37}},"44":{"start":{"line":100,"column":0},"end":{"line":106,"column":1}},"45":{"start":{"line":101,"column":2},"end":{"line":105,"column":6}},"46":{"start":{"line":103,"column":6},"end":{"line":104,"column":68}},"47":{"start":{"line":104,"column":8},"end":{"line":104,"column":68}}},"fnMap":{"0":{"name":"(anonymous_0)","decl":{"start":{"line":16,"column":24},"end":{"line":16,"column":25}},"loc":{"start":{"line":16,"column":37},"end":{"line":39,"column":1}},"line":16},"1":{"name":"(anonymous_1)","decl":{"start":{"line":26,"column":12},"end":{"line":26,"column":13}},"loc":{"start":{"line":26,"column":18},"end":{"line":26,"column":29}},"line":26},"2":{"name":"(anonymous_2)","decl":{"start":{"line":34,"column":14},"end":{"line":34,"column":15}},"loc":{"start":{"line":34,"column":20},"end":{"line":34,"column":31}},"line":34},"3":{"name":"(anonymous_3)","decl":{"start":{"line":41,"column":15},"end":{"line":41,"column":16}},"loc":{"start":{"line":41,"column":28},"end":{"line":58,"column":1}},"line":41},"4":{"name":"(anonymous_4)","decl":{"start":{"line":43,"column":10},"end":{"line":43,"column":11}},"loc":{"start":{"line":43,"column":18},"end":{"line":53,"column":5}},"line":43},"5":{"name":"(anonymous_5)","decl":{"start":{"line":45,"column":14},"end":{"line":45,"column":15}},"loc":{"start":{"line":45,"column":24},"end":{"line":52,"column":9}},"line":45},"6":{"name":"(anonymous_6)","decl":{"start":{"line":54,"column":10},"end":{"line":54,"column":11}},"loc":{"start":{"line":54,"column":19},"end":{"line":57,"column":5}},"line":54},"7":{"name":"(anonymous_7)","decl":{"start":{"line":62,"column":17},"end":{"line":62,"column":18}},"loc":{"start":{"line":62,"column":30},"end":{"line":70,"column":1}},"line":62},"8":{"name":"(anonymous_8)","decl":{"start":{"line":65,"column":10},"end":{"line":65,"column":11}},"loc":{"start":{"line":65,"column":19},"end":{"line":69,"column":5}},"line":65},"9":{"name":"(anonymous_9)","decl":{"start":{"line":72,"column":28},"end":{"line":72,"column":29}},"loc":{"start":{"line":72,"column":41},"end":{"line":82,"column":1}},"line":72},"10":{"name":"(anonymous_10)","decl":{"start":{"line":74,"column":10},"end":{"line":74,"column":11}},"loc":{"start":{"line":74,"column":18},"end":{"line":81,"column":5}},"line":74},"11":{"name":"(anonymous_11)","decl":{"start":{"line":76,"column":14},"end":{"line":76,"column":15}},"loc":{"start":{"line":76,"column":24},"end":{"line":80,"column":9}},"line":76},"12":{"name":"(anonymous_12)","decl":{"start":{"line":84,"column":15},"end":{"line":84,"column":16}},"loc":{"start":{"line":84,"column":28},"end":{"line":98,"column":1}},"line":84},"13":{"name":"(anonymous_13)","decl":{"start":{"line":87,"column":12},"end":{"line":87,"column":13}},"loc":{"start":{"line":87,"column":21},"end":{"line":90,"column":7}},"line":87},"14":{"name":"(anonymous_14)","decl":{"start":{"line":94,"column":10},"end":{"line":94,"column":11}},"loc":{"start":{"line":94,"column":19},"end":{"line":97,"column":5}},"line":94},"15":{"name":"(anonymous_15)","decl":{"start":{"line":100,"column":15},"end":{"line":100,"column":16}},"loc":{"start":{"line":100,"column":28},"end":{"line":106,"column":1}},"line":100},"16":{"name":"(anonymous_16)","decl":{"start":{"line":102,"column":10},"end":{"line":102,"column":11}},"loc":{"start":{"line":102,"column":21},"end":{"line":105,"column":5}},"line":102}},"branchMap":{"0":{"loc":{"start":{"line":17,"column":2},"end":{"line":18,"column":82}},"type":"if","locations":[{"start":{"line":17,"column":2},"end":{"line":18,"column":82}},{"start":{"line":17,"column":2},"end":{"line":18,"column":82}}],"line":17},"1":{"loc":{"start":{"line":17,"column":5},"end":{"line":17,"column":40}},"type":"binary-expr","locations":[{"start":{"line":17,"column":5},"end":{"line":17,"column":26}},{"start":{"line":17,"column":30},"end":{"line":17,"column":40}}],"line":17},"2":{"loc":{"start":{"line":20,"column":2},"end":{"line":21,"column":82}},"type":"if","locations":[{"start":{"line":20,"column":2},"end":{"line":21,"column":82}},{"start":{"line":20,"column":2},"end":{"line":21,"column":82}}],"line":20},"3":{"loc":{"start":{"line":20,"column":5},"end":{"line":20,"column":50}},"type":"binary-expr","locations":[{"start":{"line":20,"column":5},"end":{"line":20,"column":26}},{"start":{"line":20,"column":30},"end":{"line":20,"column":50}}],"line":20},"4":{"loc":{"start":{"line":23,"column":2},"end":{"line":27,"column":3}},"type":"if","locations":[{"start":{"line":23,"column":2},"end":{"line":27,"column":3}},{"start":{"line":23,"column":2},"end":{"line":27,"column":3}}],"line":23},"5":{"loc":{"start":{"line":30,"column":2},"end":{"line":36,"column":3}},"type":"if","locations":[{"start":{"line":30,"column":2},"end":{"line":36,"column":3}},{"start":{"line":30,"column":2},"end":{"line":36,"column":3}}],"line":30},"6":{"loc":{"start":{"line":31,"column":4},"end":{"line":35,"column":5}},"type":"if","locations":[{"start":{"line":31,"column":4},"end":{"line":35,"column":5}},{"start":{"line":31,"column":4},"end":{"line":35,"column":5}}],"line":31},"7":{"loc":{"start":{"line":66,"column":6},"end":{"line":67,"column":66}},"type":"if","locations":[{"start":{"line":66,"column":6},"end":{"line":67,"column":66}},{"start":{"line":66,"column":6},"end":{"line":67,"column":66}}],"line":66},"8":{"loc":{"start":{"line":78,"column":10},"end":{"line":78,"column":76}},"type":"if","locations":[{"start":{"line":78,"column":10},"end":{"line":78,"column":76}},{"start":{"line":78,"column":10},"end":{"line":78,"column":76}}],"line":78},"9":{"loc":{"start":{"line":85,"column":2},"end":{"line":90,"column":8}},"type":"if","locations":[{"start":{"line":85,"column":2},"end":{"line":90,"column":8}},{"start":{"line":85,"column":2},"end":{"line":90,"column":8}}],"line":85},"10":{"loc":{"start":{"line":85,"column":5},"end":{"line":85,"column":30}},"type":"binary-expr","locations":[{"start":{"line":85,"column":5},"end":{"line":85,"column":14}},{"start":{"line":85,"column":18},"end":{"line":85,"column":30}}],"line":85},"11":{"loc":{"start":{"line":103,"column":6},"end":{"line":104,"column":68}},"type":"if","locations":[{"start":{"line":103,"column":6},"end":{"line":104,"column":68}},{"start":{"line":103,"column":6},"end":{"line":104,"column":68}}],"line":103}},"s":{"0":3,"1":3,"2":3,"3":5,"4":0,"5":5,"6":1,"7":4,"8":1,"9":1,"10":1,"11":3,"12":3,"13":3,"14":0,"15":0,"16":0,"17":3,"18":3,"19":3,"20":2,"21":2,"22":1,"23":3,"24":3,"25":2,"26":2,"27":1,"28":1,"29":3,"30":2,"31":1,"32":1,"33":1,"34":1,"35":1,"36":3,"37":2,"38":2,"39":1,"40":0,"41":0,"42":0,"43":0,"44":3,"45":2,"46":2,"47":1},"f":{"0":5,"1":1,"2":0,"3":3,"4":2,"5":2,"6":1,"7":2,"8":2,"9":2,"10":1,"11":1,"12":2,"13":1,"14":0,"15":2,"16":2},"b":{"0":[0,5],"1":[5,3],"2":[1,4],"3":[5,3],"4":[1,3],"5":[3,0],"6":[0,3],"7":[1,1],"8":[1,0],"9":[2,0],"10":[2,2],"11":[1,1]},"_coverageSchema":"332fd63041d2c1bcb487cc26dd0d5f7d97098a6c","hash":"6ed744396554fd4c2df7a8bf263da568d9e805fe"}
,"/Users/kpryzk/codefellows/401/labs/33-photo-uploads/lab-katherine/sluggram-backend/src/model/profile.js": {"path":"/Users/kpryzk/codefellows/401/labs/33-photo-uploads/lab-katherine/sluggram-backend/src/model/profile.js","statementMap":{"0":{"start":{"line":5,"column":23},"end":{"line":11,"column":2}},"1":{"start":{"line":13,"column":16},"end":{"line":13,"column":57}},"2":{"start":{"line":15,"column":0},"end":{"line":32,"column":2}},"3":{"start":{"line":16,"column":2},"end":{"line":21,"column":3}},"4":{"start":{"line":17,"column":4},"end":{"line":20,"column":9}},"5":{"start":{"line":19,"column":8},"end":{"line":19,"column":75}},"6":{"start":{"line":23,"column":15},"end":{"line":23,"column":24}},"7":{"start":{"line":24,"column":2},"end":{"line":29,"column":11}},"8":{"start":{"line":25,"column":4},"end":{"line":29,"column":11}},"9":{"start":{"line":26,"column":6},"end":{"line":29,"column":11}},"10":{"start":{"line":28,"column":10},"end":{"line":28,"column":78}},"11":{"start":{"line":31,"column":2},"end":{"line":31,"column":31}},"12":{"start":{"line":34,"column":0},"end":{"line":48,"column":2}},"13":{"start":{"line":35,"column":2},"end":{"line":47,"column":7}},"14":{"start":{"line":37,"column":6},"end":{"line":46,"column":11}},"15":{"start":{"line":39,"column":10},"end":{"line":45,"column":20}},"16":{"start":{"line":50,"column":0},"end":{"line":72,"column":2}},"17":{"start":{"line":51,"column":2},"end":{"line":58,"column":3}},"18":{"start":{"line":52,"column":4},"end":{"line":57,"column":9}},"19":{"start":{"line":54,"column":8},"end":{"line":54,"column":39}},"20":{"start":{"line":55,"column":8},"end":{"line":56,"column":31}},"21":{"start":{"line":56,"column":22},"end":{"line":56,"column":29}},"22":{"start":{"line":60,"column":2},"end":{"line":71,"column":7}},"23":{"start":{"line":68,"column":6},"end":{"line":68,"column":37}},"24":{"start":{"line":69,"column":6},"end":{"line":70,"column":29}},"25":{"start":{"line":70,"column":20},"end":{"line":70,"column":27}},"26":{"start":{"line":74,"column":0},"end":{"line":74,"column":42}},"27":{"start":{"line":76,"column":0},"end":{"line":83,"column":2}},"28":{"start":{"line":77,"column":2},"end":{"line":82,"column":7}},"29":{"start":{"line":79,"column":6},"end":{"line":80,"column":69}},"30":{"start":{"line":80,"column":8},"end":{"line":80,"column":69}},"31":{"start":{"line":81,"column":6},"end":{"line":81,"column":21}},"32":{"start":{"line":85,"column":0},"end":{"line":95,"column":2}},"33":{"start":{"line":86,"column":2},"end":{"line":94,"column":7}},"34":{"start":{"line":88,"column":6},"end":{"line":93,"column":11}},"35":{"start":{"line":90,"column":23},"end":{"line":90,"column":48}},"36":{"start":{"line":91,"column":10},"end":{"line":91,"column":53}},"37":{"start":{"line":91,"column":27},"end":{"line":91,"column":53}},"38":{"start":{"line":92,"column":10},"end":{"line":92,"column":100}},"39":{"start":{"line":97,"column":0},"end":{"line":102,"column":2}},"40":{"start":{"line":98,"column":2},"end":{"line":99,"column":47}},"41":{"start":{"line":99,"column":4},"end":{"line":99,"column":47}},"42":{"start":{"line":100,"column":16},"end":{"line":100,"column":48}},"43":{"start":{"line":101,"column":2},"end":{"line":101,"column":80}},"44":{"start":{"line":104,"column":0},"end":{"line":110,"column":2}},"45":{"start":{"line":105,"column":2},"end":{"line":109,"column":7}},"46":{"start":{"line":107,"column":6},"end":{"line":108,"column":69}},"47":{"start":{"line":108,"column":8},"end":{"line":108,"column":69}}},"fnMap":{"0":{"name":"(anonymous_0)","decl":{"start":{"line":15,"column":26},"end":{"line":15,"column":27}},"loc":{"start":{"line":15,"column":41},"end":{"line":32,"column":1}},"line":15},"1":{"name":"(anonymous_1)","decl":{"start":{"line":18,"column":12},"end":{"line":18,"column":13}},"loc":{"start":{"line":18,"column":18},"end":{"line":20,"column":7}},"line":18},"2":{"name":"(anonymous_2)","decl":{"start":{"line":27,"column":14},"end":{"line":27,"column":15}},"loc":{"start":{"line":27,"column":20},"end":{"line":29,"column":9}},"line":27},"3":{"name":"(anonymous_3)","decl":{"start":{"line":34,"column":33},"end":{"line":34,"column":34}},"loc":{"start":{"line":34,"column":46},"end":{"line":48,"column":1}},"line":34},"4":{"name":"(anonymous_4)","decl":{"start":{"line":36,"column":10},"end":{"line":36,"column":11}},"loc":{"start":{"line":36,"column":20},"end":{"line":47,"column":5}},"line":36},"5":{"name":"(anonymous_5)","decl":{"start":{"line":38,"column":14},"end":{"line":38,"column":15}},"loc":{"start":{"line":38,"column":26},"end":{"line":46,"column":9}},"line":38},"6":{"name":"(anonymous_6)","decl":{"start":{"line":50,"column":17},"end":{"line":50,"column":18}},"loc":{"start":{"line":50,"column":30},"end":{"line":72,"column":1}},"line":50},"7":{"name":"(anonymous_7)","decl":{"start":{"line":53,"column":12},"end":{"line":53,"column":13}},"loc":{"start":{"line":53,"column":23},"end":{"line":57,"column":7}},"line":53},"8":{"name":"(anonymous_8)","decl":{"start":{"line":56,"column":16},"end":{"line":56,"column":17}},"loc":{"start":{"line":56,"column":22},"end":{"line":56,"column":29}},"line":56},"9":{"name":"(anonymous_9)","decl":{"start":{"line":67,"column":10},"end":{"line":67,"column":11}},"loc":{"start":{"line":67,"column":21},"end":{"line":71,"column":5}},"line":67},"10":{"name":"(anonymous_10)","decl":{"start":{"line":70,"column":14},"end":{"line":70,"column":15}},"loc":{"start":{"line":70,"column":20},"end":{"line":70,"column":27}},"line":70},"11":{"name":"(anonymous_11)","decl":{"start":{"line":76,"column":19},"end":{"line":76,"column":20}},"loc":{"start":{"line":76,"column":32},"end":{"line":83,"column":1}},"line":76},"12":{"name":"(anonymous_12)","decl":{"start":{"line":78,"column":10},"end":{"line":78,"column":11}},"loc":{"start":{"line":78,"column":21},"end":{"line":82,"column":5}},"line":78},"13":{"name":"(anonymous_13)","decl":{"start":{"line":85,"column":33},"end":{"line":85,"column":34}},"loc":{"start":{"line":85,"column":47},"end":{"line":95,"column":1}},"line":85},"14":{"name":"(anonymous_14)","decl":{"start":{"line":87,"column":10},"end":{"line":87,"column":11}},"loc":{"start":{"line":87,"column":18},"end":{"line":94,"column":5}},"line":87},"15":{"name":"(anonymous_15)","decl":{"start":{"line":89,"column":14},"end":{"line":89,"column":15}},"loc":{"start":{"line":89,"column":26},"end":{"line":93,"column":9}},"line":89},"16":{"name":"(anonymous_16)","decl":{"start":{"line":97,"column":17},"end":{"line":97,"column":18}},"loc":{"start":{"line":97,"column":30},"end":{"line":102,"column":1}},"line":97},"17":{"name":"(anonymous_17)","decl":{"start":{"line":104,"column":17},"end":{"line":104,"column":18}},"loc":{"start":{"line":104,"column":30},"end":{"line":110,"column":1}},"line":104},"18":{"name":"(anonymous_18)","decl":{"start":{"line":106,"column":10},"end":{"line":106,"column":11}},"loc":{"start":{"line":106,"column":21},"end":{"line":109,"column":5}},"line":106}},"branchMap":{"0":{"loc":{"start":{"line":16,"column":2},"end":{"line":21,"column":3}},"type":"if","locations":[{"start":{"line":16,"column":2},"end":{"line":21,"column":3}},{"start":{"line":16,"column":2},"end":{"line":21,"column":3}}],"line":16},"1":{"loc":{"start":{"line":24,"column":2},"end":{"line":29,"column":11}},"type":"if","locations":[{"start":{"line":24,"column":2},"end":{"line":29,"column":11}},{"start":{"line":24,"column":2},"end":{"line":29,"column":11}}],"line":24},"2":{"loc":{"start":{"line":25,"column":4},"end":{"line":29,"column":11}},"type":"if","locations":[{"start":{"line":25,"column":4},"end":{"line":29,"column":11}},{"start":{"line":25,"column":4},"end":{"line":29,"column":11}}],"line":25},"3":{"loc":{"start":{"line":51,"column":2},"end":{"line":58,"column":3}},"type":"if","locations":[{"start":{"line":51,"column":2},"end":{"line":58,"column":3}},{"start":{"line":51,"column":2},"end":{"line":58,"column":3}}],"line":51},"4":{"loc":{"start":{"line":79,"column":6},"end":{"line":80,"column":69}},"type":"if","locations":[{"start":{"line":79,"column":6},"end":{"line":80,"column":69}},{"start":{"line":79,"column":6},"end":{"line":80,"column":69}}],"line":79},"5":{"loc":{"start":{"line":91,"column":10},"end":{"line":91,"column":53}},"type":"if","locations":[{"start":{"line":91,"column":10},"end":{"line":91,"column":53}},{"start":{"line":91,"column":10},"end":{"line":91,"column":53}}],"line":91},"6":{"loc":{"start":{"line":98,"column":2},"end":{"line":99,"column":47}},"type":"if","locations":[{"start":{"line":98,"column":2},"end":{"line":99,"column":47}},{"start":{"line":98,"column":2},"end":{"line":99,"column":47}}],"line":98},"7":{"loc":{"start":{"line":98,"column":5},"end":{"line":98,"column":30}},"type":"binary-expr","locations":[{"start":{"line":98,"column":5},"end":{"line":98,"column":14}},{"start":{"line":98,"column":18},"end":{"line":98,"column":30}}],"line":98},"8":{"loc":{"start":{"line":107,"column":6},"end":{"line":108,"column":69}},"type":"if","locations":[{"start":{"line":107,"column":6},"end":{"line":108,"column":69}},{"start":{"line":107,"column":6},"end":{"line":108,"column":69}}],"line":107}},"s":{"0":3,"1":3,"2":3,"3":2,"4":0,"5":0,"6":2,"7":2,"8":2,"9":0,"10":0,"11":2,"12":3,"13":1,"14":1,"15":1,"16":3,"17":2,"18":1,"19":1,"20":1,"21":1,"22":1,"23":1,"24":1,"25":1,"26":3,"27":3,"28":2,"29":2,"30":1,"31":1,"32":3,"33":1,"34":1,"35":1,"36":1,"37":1,"38":1,"39":3,"40":2,"41":1,"42":1,"43":1,"44":3,"45":2,"46":2,"47":1},"f":{"0":2,"1":0,"2":0,"3":1,"4":1,"5":1,"6":2,"7":1,"8":1,"9":1,"10":1,"11":2,"12":2,"13":1,"14":1,"15":1,"16":2,"17":2,"18":2},"b":{"0":[0,2],"1":[2,0],"2":[0,2],"3":[1,1],"4":[1,1],"5":[1,0],"6":[1,1],"7":[2,1],"8":[1,1]},"_coverageSchema":"332fd63041d2c1bcb487cc26dd0d5f7d97098a6c","hash":"90a7ae18afb4e110d545f2448ed210aae4cbe2e3"}
,"/Users/kpryzk/codefellows/401/labs/33-photo-uploads/lab-katherine/sluggram-backend/src/model/user.js": {"path":"/Users/kpryzk/codefellows/401/labs/33-photo-uploads/lab-katherine/sluggram-backend/src/model/user.js","statementMap":{"0":{"start":{"line":12,"column":20},"end":{"line":18,"column":2}},"1":{"start":{"line":21,"column":0},"end":{"line":28,"column":2}},"2":{"start":{"line":22,"column":2},"end":{"line":27,"column":7}},"3":{"start":{"line":24,"column":6},"end":{"line":25,"column":61}},"4":{"start":{"line":25,"column":8},"end":{"line":25,"column":61}},"5":{"start":{"line":26,"column":6},"end":{"line":26,"column":18}},"6":{"start":{"line":30,"column":0},"end":{"line":39,"column":2}},"7":{"start":{"line":31,"column":2},"end":{"line":31,"column":55}},"8":{"start":{"line":32,"column":2},"end":{"line":38,"column":7}},"9":{"start":{"line":34,"column":6},"end":{"line":34,"column":73}},"10":{"start":{"line":37,"column":6},"end":{"line":37,"column":19}},"11":{"start":{"line":42,"column":13},"end":{"line":42,"column":47}},"12":{"start":{"line":45,"column":0},"end":{"line":58,"column":2}},"13":{"start":{"line":46,"column":2},"end":{"line":48,"column":81}},"14":{"start":{"line":47,"column":4},"end":{"line":48,"column":81}},"15":{"start":{"line":50,"column":19},"end":{"line":50,"column":23}},"16":{"start":{"line":51,"column":2},"end":{"line":51,"column":56}},"17":{"start":{"line":53,"column":2},"end":{"line":57,"column":7}},"18":{"start":{"line":55,"column":17},"end":{"line":55,"column":56}},"19":{"start":{"line":56,"column":6},"end":{"line":56,"column":35}}},"fnMap":{"0":{"name":"(anonymous_0)","decl":{"start":{"line":21,"column":37},"end":{"line":21,"column":38}},"loc":{"start":{"line":21,"column":55},"end":{"line":28,"column":1}},"line":21},"1":{"name":"(anonymous_1)","decl":{"start":{"line":23,"column":10},"end":{"line":23,"column":11}},"loc":{"start":{"line":23,"column":21},"end":{"line":27,"column":5}},"line":23},"2":{"name":"(anonymous_2)","decl":{"start":{"line":30,"column":34},"end":{"line":30,"column":35}},"loc":{"start":{"line":30,"column":44},"end":{"line":39,"column":1}},"line":30},"3":{"name":"(anonymous_3)","decl":{"start":{"line":33,"column":10},"end":{"line":33,"column":11}},"loc":{"start":{"line":33,"column":18},"end":{"line":35,"column":5}},"line":33},"4":{"name":"(anonymous_4)","decl":{"start":{"line":36,"column":10},"end":{"line":36,"column":11}},"loc":{"start":{"line":36,"column":19},"end":{"line":38,"column":5}},"line":36},"5":{"name":"(anonymous_5)","decl":{"start":{"line":45,"column":14},"end":{"line":45,"column":15}},"loc":{"start":{"line":45,"column":30},"end":{"line":58,"column":1}},"line":45},"6":{"name":"(anonymous_6)","decl":{"start":{"line":54,"column":10},"end":{"line":54,"column":11}},"loc":{"start":{"line":54,"column":26},"end":{"line":57,"column":5}},"line":54}},"branchMap":{"0":{"loc":{"start":{"line":24,"column":6},"end":{"line":25,"column":61}},"type":"if","locations":[{"start":{"line":24,"column":6},"end":{"line":25,"column":61}},{"start":{"line":24,"column":6},"end":{"line":25,"column":61}}],"line":24},"1":{"loc":{"start":{"line":46,"column":2},"end":{"line":48,"column":81}},"type":"if","locations":[{"start":{"line":46,"column":2},"end":{"line":48,"column":81}},{"start":{"line":46,"column":2},"end":{"line":48,"column":81}}],"line":46},"2":{"loc":{"start":{"line":46,"column":5},"end":{"line":46,"column":52}},"type":"binary-expr","locations":[{"start":{"line":46,"column":5},"end":{"line":46,"column":19}},{"start":{"line":46,"column":23},"end":{"line":46,"column":34}},{"start":{"line":46,"column":38},"end":{"line":46,"column":52}}],"line":46}},"s":{"0":4,"1":4,"2":3,"3":3,"4":1,"5":2,"6":4,"7":920,"8":920,"9":920,"10":920,"11":4,"12":4,"13":926,"14":7,"15":919,"16":919,"17":919,"18":919,"19":919},"f":{"0":3,"1":3,"2":920,"3":920,"4":920,"5":926,"6":919},"b":{"0":[1,2],"1":[7,919],"2":[926,923,921]},"_coverageSchema":"332fd63041d2c1bcb487cc26dd0d5f7d97098a6c","hash":"d9ddc54f0f81c7f033e5aab1afe8b1191653b23a"}
}
