TN:
SF:/Users/kpryzk/codefellows/401/labs/33-photo-uploads/lab-katherine/sluggram-backend/src/__test__/lib/clean-db.js
FN:6,(anonymous_0)
FNF:1
FNH:1
FNDA:30,(anonymous_0)
DA:6,30
LF:1
LH:1
BRF:0
BRH:0
end_of_record
TN:
SF:/Users/kpryzk/codefellows/401/labs/33-photo-uploads/lab-katherine/sluggram-backend/src/__test__/lib/mock-photo.js
FN:6,(anonymous_0)
FN:8,(anonymous_1)
FN:16,(anonymous_2)
FN:20,(anonymous_3)
FN:21,(anonymous_4)
FN:22,(anonymous_5)
FN:23,(anonymous_6)
FNF:7
FNH:7
FNDA:256,(anonymous_0)
FNDA:256,(anonymous_1)
FNDA:256,(anonymous_2)
FNDA:2,(anonymous_3)
FNDA:250,(anonymous_4)
FNDA:2,(anonymous_5)
FNDA:250,(anonymous_6)
DA:6,1
DA:7,256
DA:9,256
DA:16,256
DA:20,1
DA:21,250
DA:23,2
DA:24,250
LF:8
LH:8
BRDA:20,0,0,1
BRF:1
BRH:1
end_of_record
TN:
SF:/Users/kpryzk/codefellows/401/labs/33-photo-uploads/lab-katherine/sluggram-backend/src/__test__/lib/mock-profile.js
FN:6,(anonymous_0)
FN:8,(anonymous_1)
FN:16,(anonymous_2)
FN:19,(anonymous_3)
FN:21,(anonymous_4)
FN:25,(anonymous_5)
FN:26,(anonymous_6)
FNF:7
FNH:7
FNDA:910,(anonymous_0)
FNDA:910,(anonymous_1)
FNDA:910,(anonymous_2)
FNDA:910,(anonymous_3)
FNDA:910,(anonymous_4)
FNDA:5,(anonymous_5)
FNDA:645,(anonymous_6)
DA:6,2
DA:7,910
DA:9,910
DA:17,910
DA:18,910
DA:19,910
DA:21,910
DA:25,2
DA:26,645
LF:9
LH:9
BRDA:25,0,0,0
BRF:1
BRH:0
end_of_record
TN:
SF:/Users/kpryzk/codefellows/401/labs/33-photo-uploads/lab-katherine/sluggram-backend/src/__test__/lib/mock-s3.js
FN:4,(anonymous_0)
FN:17,(anonymous_1)
FNF:2
FNH:1
FNDA:5,(anonymous_0)
FNDA:0,(anonymous_1)
DA:4,6
DA:5,5
DA:6,0
DA:8,5
DA:9,0
DA:11,5
DA:12,0
DA:14,5
DA:17,6
DA:18,0
DA:19,0
DA:21,0
DA:22,0
DA:24,0
LF:14
LH:6
BRDA:5,0,0,0
BRDA:5,0,1,5
BRDA:8,1,0,0
BRDA:8,1,1,5
BRDA:11,2,0,0
BRDA:11,2,1,5
BRDA:11,3,0,5
BRDA:11,3,1,5
BRDA:18,4,0,0
BRDA:18,4,1,0
BRDA:21,5,0,0
BRDA:21,5,1,0
BRF:12
BRH:5
end_of_record
TN:
SF:/Users/kpryzk/codefellows/401/labs/33-photo-uploads/lab-katherine/sluggram-backend/src/__test__/lib/mock-user.js
FN:6,(anonymous_0)
FN:14,(anonymous_1)
FN:18,(anonymous_2)
FNF:3
FNH:3
FNDA:917,(anonymous_0)
FNDA:917,(anonymous_1)
FNDA:917,(anonymous_2)
DA:6,4
DA:7,917
DA:8,917
DA:15,917
DA:16,917
DA:19,917
DA:20,917
LF:7
LH:7
BRF:0
BRH:0
end_of_record
TN:
SF:/Users/kpryzk/codefellows/401/labs/33-photo-uploads/lab-katherine/sluggram-backend/src/__test__/lib/test.env.js
FNF:0
FNH:0
DA:1,6
DA:2,6
DA:3,6
DA:4,6
DA:5,6
DA:6,6
DA:7,6
DA:8,6
DA:9,6
LF:9
LH:9
BRF:0
BRH:0
end_of_record
TN:
SF:/Users/kpryzk/codefellows/401/labs/33-photo-uploads/lab-katherine/sluggram-backend/src/lib/db.js
FN:12,(anonymous_0)
FN:20,(anonymous_1)
FNF:2
FNH:2
FNDA:5,(anonymous_0)
FNDA:5,(anonymous_1)
DA:5,5
DA:6,5
DA:9,5
DA:12,5
DA:13,5
DA:14,5
DA:15,0
DA:16,5
DA:17,5
DA:20,5
DA:21,5
DA:22,5
DA:23,0
DA:24,5
DA:25,5
LF:15
LH:13
BRDA:14,0,0,0
BRDA:14,0,1,5
BRDA:22,1,0,0
BRDA:22,1,1,5
BRF:4
BRH:2
end_of_record
TN:
SF:/Users/kpryzk/codefellows/401/labs/33-photo-uploads/lab-katherine/sluggram-backend/src/lib/server.js
FN:17,(anonymous_0)
FN:18,(anonymous_1)
FN:23,(anonymous_2)
FN:24,(anonymous_3)
FN:33,(anonymous_4)
FN:34,(anonymous_5)
FN:38,(anonymous_6)
FN:39,(anonymous_7)
FNF:8
FNH:8
FNDA:3,(anonymous_0)
FNDA:3,(anonymous_1)
FNDA:3,(anonymous_2)
FNDA:3,(anonymous_3)
FNDA:3,(anonymous_4)
FNDA:3,(anonymous_5)
FNDA:3,(anonymous_6)
FNDA:3,(anonymous_7)
DA:10,3
DA:11,3
DA:17,3
DA:18,3
DA:19,3
DA:20,0
DA:21,3
DA:22,3
DA:24,3
DA:25,3
DA:26,3
DA:33,3
DA:34,3
DA:35,3
DA:36,0
DA:37,3
DA:39,3
DA:40,3
DA:41,3
DA:42,3
DA:43,3
LF:21
LH:19
BRDA:19,0,0,0
BRDA:19,0,1,3
BRDA:35,1,0,0
BRDA:35,1,1,3
BRF:4
BRH:2
end_of_record
TN:
SF:/Users/kpryzk/codefellows/401/labs/33-photo-uploads/lab-katherine/sluggram-backend/src/lib/util.js
FN:9,(anonymous_0)
FN:10,(anonymous_1)
FN:12,(anonymous_2)
FN:13,(anonymous_3)
FN:15,(anonymous_4)
FN:16,(anonymous_5)
FN:16,(anonymous_6)
FN:18,(anonymous_7)
FN:18,(anonymous_8)
FN:19,(anonymous_9)
FN:20,(anonymous_10)
FN:22,(anonymous_11)
FN:25,(anonymous_12)
FN:28,(anonymous_13)
FN:30,(anonymous_14)
FN:33,(anonymous_15)
FN:36,(anonymous_16)
FN:39,(anonymous_17)
FN:42,(anonymous_18)
FN:43,(anonymous_19)
FN:45,(anonymous_20)
FN:53,(anonymous_21)
FN:53,(anonymous_22)
FN:54,(anonymous_23)
FN:54,(anonymous_24)
FN:57,(anonymous_25)
FN:57,(anonymous_26)
FN:62,(anonymous_27)
FN:68,(anonymous_28)
FNF:29
FNH:24
FNDA:16,(anonymous_0)
FNDA:3,(anonymous_1)
FNDA:3,(anonymous_2)
FNDA:4,(anonymous_3)
FNDA:1,(anonymous_4)
FNDA:1,(anonymous_5)
FNDA:4,(anonymous_6)
FNDA:15,(anonymous_7)
FNDA:16,(anonymous_8)
FNDA:16,(anonymous_9)
FNDA:16,(anonymous_10)
FNDA:24,(anonymous_11)
FNDA:17,(anonymous_12)
FNDA:1,(anonymous_13)
FNDA:0,(anonymous_14)
FNDA:0,(anonymous_15)
FNDA:0,(anonymous_16)
FNDA:1,(anonymous_17)
FNDA:2,(anonymous_18)
FNDA:1,(anonymous_19)
FNDA:5,(anonymous_20)
FNDA:0,(anonymous_21)
FNDA:0,(anonymous_22)
FNDA:5,(anonymous_23)
FNDA:5,(anonymous_24)
FNDA:6,(anonymous_25)
FNDA:7,(anonymous_26)
FNDA:7,(anonymous_27)
FNDA:7,(anonymous_28)
DA:6,6
DA:9,6
DA:10,16
DA:12,6
DA:13,4
DA:15,6
DA:16,4
DA:18,15
DA:19,16
DA:20,16
DA:22,6
DA:23,24
DA:25,6
DA:26,17
DA:28,6
DA:30,6
DA:31,0
DA:33,6
DA:34,0
DA:36,6
DA:37,0
DA:39,6
DA:40,1
DA:42,6
DA:43,6
DA:45,6
DA:46,5
DA:53,0
DA:54,5
DA:57,6
DA:58,7
DA:59,7
DA:60,7
DA:61,7
DA:63,7
DA:64,7
DA:68,7
LF:37
LH:33
BRDA:20,0,0,1
BRDA:20,0,1,15
BRDA:23,1,0,23
BRDA:23,1,1,1
BRDA:26,2,0,16
BRDA:26,2,1,1
BRDA:57,3,0,3
BRDA:57,4,0,7
BRDA:58,5,0,7
BRDA:58,5,1,2
BRDA:66,6,0,4
BRDA:66,6,1,3
BRDA:72,7,0,3
BRDA:72,7,1,4
BRDA:72,8,0,7
BRDA:72,8,1,4
BRDA:73,9,0,2
BRDA:73,9,1,5
BRDA:73,10,0,7
BRDA:73,10,1,6
BRF:20
BRH:20
end_of_record
TN:
SF:/Users/kpryzk/codefellows/401/labs/33-photo-uploads/lab-katherine/sluggram-backend/src/middleware/bind-response-methods.js
FN:1,(anonymous_0)
FN:7,(anonymous_1)
FNF:2
FNH:2
FNDA:35,(anonymous_0)
FNDA:7,(anonymous_1)
DA:2,35
DA:3,35
DA:4,35
DA:5,35
DA:6,35
DA:7,35
DA:8,7
DA:13,7
DA:15,35
LF:9
LH:9
BRF:0
BRH:0
end_of_record
TN:
SF:/Users/kpryzk/codefellows/401/labs/33-photo-uploads/lab-katherine/sluggram-backend/src/middleware/error-handler.js
FN:4,(anonymous_0)
FNF:1
FNH:1
FNDA:15,(anonymous_0)
DA:5,15
DA:6,15
DA:7,15
DA:8,14
DA:10,1
DA:12,1
DA:13,1
DA:16,0
DA:17,0
DA:19,0
DA:20,0
DA:22,0
DA:23,0
DA:25,0
LF:14
LH:7
BRDA:7,0,0,14
BRDA:7,0,1,1
BRDA:12,1,0,1
BRDA:12,1,1,0
BRDA:16,2,0,0
BRDA:16,2,1,0
BRDA:19,3,0,0
BRDA:19,3,1,0
BRDA:22,4,0,0
BRDA:22,4,1,0
BRF:10
BRH:3
end_of_record
TN:
SF:/Users/kpryzk/codefellows/401/labs/33-photo-uploads/lab-katherine/sluggram-backend/src/middleware/four-oh-four.js
FN:5,(anonymous_0)
FNF:1
FNH:0
FNDA:0,(anonymous_0)
DA:6,0
LF:1
LH:0
BRF:0
BRH:0
end_of_record
TN:
SF:/Users/kpryzk/codefellows/401/labs/33-photo-uploads/lab-katherine/sluggram-backend/src/middleware/index.js
FNF:0
FNH:0
LF:0
LH:0
BRF:0
BRH:0
end_of_record
TN:
SF:/Users/kpryzk/codefellows/401/labs/33-photo-uploads/lab-katherine/sluggram-backend/src/middleware/parser-auth.js
FN:6,(anonymous_0)
FN:21,(anonymous_1)
FN:26,(anonymous_2)
FN:33,(anonymous_3)
FN:43,(anonymous_4)
FN:44,(anonymous_5)
FNF:6
FNH:6
FNDA:5,(anonymous_0)
FNDA:3,(anonymous_1)
FNDA:1,(anonymous_2)
FNDA:14,(anonymous_3)
FNDA:14,(anonymous_4)
FNDA:14,(anonymous_5)
DA:6,3
DA:7,5
DA:8,5
DA:9,2
DA:11,3
DA:12,3
DA:13,0
DA:15,3
DA:16,3
DA:17,3
DA:18,0
DA:20,3
DA:22,3
DA:23,1
DA:24,2
DA:27,1
DA:28,1
DA:33,3
DA:34,14
DA:35,14
DA:36,0
DA:38,14
DA:39,14
DA:40,0
DA:42,14
DA:43,14
DA:45,14
DA:46,0
DA:47,14
DA:48,14
LF:30
LH:25
BRDA:8,0,0,2
BRDA:8,0,1,3
BRDA:12,1,0,0
BRDA:12,1,1,3
BRDA:17,2,0,0
BRDA:17,2,1,3
BRDA:17,3,0,3
BRDA:17,3,1,3
BRDA:22,4,0,1
BRDA:22,4,1,2
BRDA:35,5,0,0
BRDA:35,5,1,14
BRDA:39,6,0,0
BRDA:39,6,1,14
BRDA:45,7,0,0
BRDA:45,7,1,14
BRF:16
BRH:11
end_of_record
TN:
SF:/Users/kpryzk/codefellows/401/labs/33-photo-uploads/lab-katherine/sluggram-backend/src/middleware/parser-body.js
FN:9,(anonymous_0)
FNF:1
FNH:1
FNDA:14,(anonymous_0)
DA:6,3
DA:10,14
DA:12,14
DA:13,7
DA:15,7
DA:16,7
DA:18,0
LF:7
LH:6
BRDA:12,0,0,7
BRDA:12,0,1,7
BRDA:15,1,0,7
BRDA:15,1,1,0
BRF:4
BRH:3
end_of_record
TN:
SF:/Users/kpryzk/codefellows/401/labs/33-photo-uploads/lab-katherine/sluggram-backend/src/middleware/router-auth.js
FN:10,(anonymous_0)
FN:14,(anonymous_1)
FN:15,(anonymous_2)
FN:23,(anonymous_3)
FN:25,(anonymous_4)
FN:32,(anonymous_5)
FN:35,(anonymous_6)
FNF:7
FNH:5
FNDA:5,(anonymous_0)
FNDA:1,(anonymous_1)
FNDA:1,(anonymous_2)
FNDA:0,(anonymous_3)
FNDA:0,(anonymous_4)
FNDA:1,(anonymous_5)
FNDA:1,(anonymous_6)
DA:11,5
DA:13,5
DA:14,1
DA:16,1
DA:17,1
DA:19,1
DA:24,0
DA:26,0
DA:27,0
DA:28,0
DA:33,1
DA:34,1
DA:36,1
DA:37,1
DA:38,1
LF:15
LH:11
BRDA:26,0,0,0
BRDA:26,0,1,0
BRF:2
BRH:0
end_of_record
TN:
SF:/Users/kpryzk/codefellows/401/labs/33-photo-uploads/lab-katherine/sluggram-backend/src/middleware/router-photo.js
FN:7,(anonymous_0)
FN:12,(anonymous_1)
FN:17,(anonymous_2)
FN:22,(anonymous_3)
FN:27,(anonymous_4)
FN:32,(anonymous_5)
FN:34,(anonymous_6)
FNF:7
FNH:6
FNDA:3,(anonymous_0)
FNDA:2,(anonymous_1)
FNDA:0,(anonymous_2)
FNDA:2,(anonymous_3)
FNDA:2,(anonymous_4)
FNDA:2,(anonymous_5)
FNDA:1,(anonymous_6)
DA:8,3
DA:13,2
DA:18,0
DA:23,2
DA:28,2
DA:33,2
DA:34,1
LF:7
LH:6
BRF:0
BRH:0
end_of_record
TN:
SF:/Users/kpryzk/codefellows/401/labs/33-photo-uploads/lab-katherine/sluggram-backend/src/middleware/router-profile.js
FN:8,(anonymous_0)
FN:13,(anonymous_1)
FN:18,(anonymous_2)
FN:20,(anonymous_3)
FN:27,(anonymous_4)
FN:32,(anonymous_5)
FN:37,(anonymous_6)
FN:39,(anonymous_7)
FNF:8
FNH:8
FNDA:2,(anonymous_0)
FNDA:5,(anonymous_1)
FNDA:1,(anonymous_2)
FNDA:1,(anonymous_3)
FNDA:2,(anonymous_4)
FNDA:2,(anonymous_5)
FNDA:2,(anonymous_6)
FNDA:1,(anonymous_7)
DA:9,2
DA:14,5
DA:19,1
DA:21,1
DA:22,0
DA:23,1
DA:28,2
DA:33,2
DA:38,2
DA:39,1
LF:10
LH:9
BRDA:21,0,0,0
BRDA:21,0,1,1
BRF:2
BRH:1
end_of_record
TN:
SF:/Users/kpryzk/codefellows/401/labs/33-photo-uploads/lab-katherine/sluggram-backend/src/model/photo.js
FN:16,(anonymous_0)
FN:26,(anonymous_1)
FN:34,(anonymous_2)
FN:41,(anonymous_3)
FN:43,(anonymous_4)
FN:45,(anonymous_5)
FN:54,(anonymous_6)
FN:62,(anonymous_7)
FN:65,(anonymous_8)
FN:72,(anonymous_9)
FN:74,(anonymous_10)
FN:76,(anonymous_11)
FN:84,(anonymous_12)
FN:87,(anonymous_13)
FN:94,(anonymous_14)
FN:100,(anonymous_15)
FN:102,(anonymous_16)
FNF:17
FNH:15
FNDA:5,(anonymous_0)
FNDA:1,(anonymous_1)
FNDA:0,(anonymous_2)
FNDA:3,(anonymous_3)
FNDA:2,(anonymous_4)
FNDA:2,(anonymous_5)
FNDA:1,(anonymous_6)
FNDA:2,(anonymous_7)
FNDA:2,(anonymous_8)
FNDA:2,(anonymous_9)
FNDA:1,(anonymous_10)
FNDA:1,(anonymous_11)
FNDA:2,(anonymous_12)
FNDA:1,(anonymous_13)
FNDA:0,(anonymous_14)
FNDA:2,(anonymous_15)
FNDA:2,(anonymous_16)
DA:6,3
DA:14,3
DA:16,3
DA:17,5
DA:18,0
DA:20,5
DA:21,1
DA:23,4
DA:24,1
DA:25,1
DA:26,1
DA:29,3
DA:30,3
DA:31,3
DA:32,0
DA:33,0
DA:34,0
DA:38,3
DA:41,3
DA:42,3
DA:44,2
DA:46,2
DA:55,1
DA:60,3
DA:62,3
DA:63,2
DA:66,2
DA:67,1
DA:68,1
DA:72,3
DA:73,2
DA:75,1
DA:77,1
DA:78,1
DA:79,1
DA:84,3
DA:85,2
DA:86,2
DA:88,1
DA:91,0
DA:92,0
DA:93,0
DA:95,0
DA:100,3
DA:101,2
DA:103,2
DA:104,1
LF:47
LH:39
BRDA:17,0,0,0
BRDA:17,0,1,5
BRDA:17,1,0,5
BRDA:17,1,1,3
BRDA:20,2,0,1
BRDA:20,2,1,4
BRDA:20,3,0,5
BRDA:20,3,1,3
BRDA:23,4,0,1
BRDA:23,4,1,3
BRDA:30,5,0,3
BRDA:30,5,1,0
BRDA:31,6,0,0
BRDA:31,6,1,3
BRDA:66,7,0,1
BRDA:66,7,1,1
BRDA:78,8,0,1
BRDA:78,8,1,0
BRDA:85,9,0,2
BRDA:85,9,1,0
BRDA:85,10,0,2
BRDA:85,10,1,2
BRDA:103,11,0,1
BRDA:103,11,1,1
BRF:24
BRH:19
end_of_record
TN:
SF:/Users/kpryzk/codefellows/401/labs/33-photo-uploads/lab-katherine/sluggram-backend/src/model/profile.js
FN:15,(anonymous_0)
FN:18,(anonymous_1)
FN:27,(anonymous_2)
FN:34,(anonymous_3)
FN:36,(anonymous_4)
FN:38,(anonymous_5)
FN:50,(anonymous_6)
FN:53,(anonymous_7)
FN:56,(anonymous_8)
FN:67,(anonymous_9)
FN:70,(anonymous_10)
FN:76,(anonymous_11)
FN:78,(anonymous_12)
FN:85,(anonymous_13)
FN:87,(anonymous_14)
FN:89,(anonymous_15)
FN:97,(anonymous_16)
FN:104,(anonymous_17)
FN:106,(anonymous_18)
FNF:19
FNH:17
FNDA:2,(anonymous_0)
FNDA:0,(anonymous_1)
FNDA:0,(anonymous_2)
FNDA:1,(anonymous_3)
FNDA:1,(anonymous_4)
FNDA:1,(anonymous_5)
FNDA:2,(anonymous_6)
FNDA:1,(anonymous_7)
FNDA:1,(anonymous_8)
FNDA:1,(anonymous_9)
FNDA:1,(anonymous_10)
FNDA:2,(anonymous_11)
FNDA:2,(anonymous_12)
FNDA:1,(anonymous_13)
FNDA:1,(anonymous_14)
FNDA:1,(anonymous_15)
FNDA:2,(anonymous_16)
FNDA:2,(anonymous_17)
FNDA:2,(anonymous_18)
DA:5,3
DA:13,3
DA:15,3
DA:16,2
DA:17,0
DA:19,0
DA:23,2
DA:24,2
DA:25,2
DA:26,0
DA:28,0
DA:31,2
DA:34,3
DA:35,1
DA:37,1
DA:39,1
DA:50,3
DA:51,2
DA:52,1
DA:54,1
DA:55,1
DA:56,1
DA:60,1
DA:68,1
DA:69,1
DA:70,1
DA:74,3
DA:76,3
DA:77,2
DA:79,2
DA:80,1
DA:81,1
DA:85,3
DA:86,1
DA:88,1
DA:90,1
DA:91,1
DA:92,1
DA:97,3
DA:98,2
DA:99,1
DA:100,1
DA:101,1
DA:104,3
DA:105,2
DA:107,2
DA:108,1
LF:47
LH:43
BRDA:16,0,0,0
BRDA:16,0,1,2
BRDA:24,1,0,2
BRDA:24,1,1,0
BRDA:25,2,0,0
BRDA:25,2,1,2
BRDA:51,3,0,1
BRDA:51,3,1,1
BRDA:79,4,0,1
BRDA:79,4,1,1
BRDA:91,5,0,1
BRDA:91,5,1,0
BRDA:98,6,0,1
BRDA:98,6,1,1
BRDA:98,7,0,2
BRDA:98,7,1,1
BRDA:107,8,0,1
BRDA:107,8,1,1
BRF:18
BRH:14
end_of_record
TN:
SF:/Users/kpryzk/codefellows/401/labs/33-photo-uploads/lab-katherine/sluggram-backend/src/model/user.js
FN:21,(anonymous_0)
FN:23,(anonymous_1)
FN:30,(anonymous_2)
FN:33,(anonymous_3)
FN:36,(anonymous_4)
FN:45,(anonymous_5)
FN:54,(anonymous_6)
FNF:7
FNH:7
FNDA:3,(anonymous_0)
FNDA:3,(anonymous_1)
FNDA:920,(anonymous_2)
FNDA:920,(anonymous_3)
FNDA:920,(anonymous_4)
FNDA:926,(anonymous_5)
FNDA:919,(anonymous_6)
DA:12,4
DA:21,4
DA:22,3
DA:24,3
DA:25,1
DA:26,2
DA:30,4
DA:31,920
DA:32,920
DA:34,920
DA:37,920
DA:42,4
DA:45,4
DA:46,926
DA:47,7
DA:50,919
DA:51,919
DA:53,919
DA:55,919
DA:56,919
LF:20
LH:20
BRDA:24,0,0,1
BRDA:24,0,1,2
BRDA:46,1,0,7
BRDA:46,1,1,919
BRDA:46,2,0,926
BRDA:46,2,1,923
BRDA:46,2,2,921
BRF:7
BRH:7
end_of_record
